<?xml version="1.0" encoding="UTF-8"?>
<testsuite name="project.tuthree.testlogic.JwtControllerTest" tests="1" skipped="0" failures="0" errors="0" timestamp="2021-09-29T04:07:13" hostname="seojaehui-950SBE-951SBE" time="0.207">
  <properties/>
  <testcase name="토큰생성_검증()" classname="project.tuthree.testlogic.JwtControllerTest" time="0.207"/>
  <system-out><![CDATA[2021-09-29 13:07:13.236  INFO 41780 --- [    Test worker] p.tuthree.controller.JwtController       : {iss=fresh_token, iat=1632888433, exp=1632889333, userId=admin1, Grade=admin}
]]></system-out>
  <system-err><![CDATA[]]></system-err>
</testsuite>
