<?xml version="1.0" encoding="UTF-8"?>
<testsuite name="project.tuthree.service.PostNoticeServiceTest" tests="1" skipped="0" failures="0" errors="0" timestamp="2021-09-27T13:35:35" hostname="seojaehui-950SBE-951SBE" time="0.109">
  <properties/>
  <testcase name="공지사항삭제()" classname="project.tuthree.service.PostNoticeServiceTest" time="0.109"/>
  <system-out><![CDATA[22:35:31.787 [Test worker] DEBUG org.springframework.test.context.BootstrapUtils - Instantiating CacheAwareContextLoaderDelegate from class [org.springframework.test.context.cache.DefaultCacheAwareContextLoaderDelegate]
22:35:31.800 [Test worker] DEBUG org.springframework.test.context.BootstrapUtils - Instantiating BootstrapContext using constructor [public org.springframework.test.context.support.DefaultBootstrapContext(java.lang.Class,org.springframework.test.context.CacheAwareContextLoaderDelegate)]
22:35:31.824 [Test worker] DEBUG org.springframework.test.context.BootstrapUtils - Instantiating TestContextBootstrapper for test class [project.tuthree.service.PostNoticeServiceTest] from class [org.springframework.boot.test.context.SpringBootTestContextBootstrapper]
22:35:31.832 [Test worker] INFO org.springframework.boot.test.context.SpringBootTestContextBootstrapper - Neither @ContextConfiguration nor @ContextHierarchy found for test class [project.tuthree.service.PostNoticeServiceTest], using SpringBootContextLoader
22:35:31.835 [Test worker] DEBUG org.springframework.test.context.support.AbstractContextLoader - Did not detect default resource location for test class [project.tuthree.service.PostNoticeServiceTest]: class path resource [project/tuthree/service/PostNoticeServiceTest-context.xml] does not exist
22:35:31.835 [Test worker] DEBUG org.springframework.test.context.support.AbstractContextLoader - Did not detect default resource location for test class [project.tuthree.service.PostNoticeServiceTest]: class path resource [project/tuthree/service/PostNoticeServiceTestContext.groovy] does not exist
22:35:31.835 [Test worker] INFO org.springframework.test.context.support.AbstractContextLoader - Could not detect default resource locations for test class [project.tuthree.service.PostNoticeServiceTest]: no resource found for suffixes {-context.xml, Context.groovy}.
22:35:31.836 [Test worker] INFO org.springframework.test.context.support.AnnotationConfigContextLoaderUtils - Could not detect default configuration classes for test class [project.tuthree.service.PostNoticeServiceTest]: PostNoticeServiceTest does not declare any static, non-private, non-final, nested classes annotated with @Configuration.
22:35:31.864 [Test worker] DEBUG org.springframework.test.context.support.ActiveProfilesUtils - Could not find an 'annotation declaring class' for annotation type [org.springframework.test.context.ActiveProfiles] and class [project.tuthree.service.PostNoticeServiceTest]
22:35:31.906 [Test worker] DEBUG org.springframework.context.annotation.ClassPathScanningCandidateComponentProvider - Identified candidate component class: file [/home/seojaehui/Documents/IdeaProjects/tuthree/build/classes/java/main/project/tuthree/TuthreeApplication.class]
22:35:31.906 [Test worker] INFO org.springframework.boot.test.context.SpringBootTestContextBootstrapper - Found @SpringBootConfiguration project.tuthree.TuthreeApplication for test class project.tuthree.service.PostNoticeServiceTest
22:35:31.968 [Test worker] DEBUG org.springframework.boot.test.context.SpringBootTestContextBootstrapper - @TestExecutionListeners is not present for class [project.tuthree.service.PostNoticeServiceTest]: using defaults.
22:35:31.968 [Test worker] INFO org.springframework.boot.test.context.SpringBootTestContextBootstrapper - Loaded default TestExecutionListener class names from location [META-INF/spring.factories]: [org.springframework.boot.test.autoconfigure.restdocs.RestDocsTestExecutionListener, org.springframework.boot.test.autoconfigure.web.client.MockRestServiceServerResetTestExecutionListener, org.springframework.boot.test.autoconfigure.web.servlet.MockMvcPrintOnlyOnFailureTestExecutionListener, org.springframework.boot.test.autoconfigure.web.servlet.WebDriverTestExecutionListener, org.springframework.boot.test.autoconfigure.webservices.client.MockWebServiceServerTestExecutionListener, org.springframework.boot.test.mock.mockito.MockitoTestExecutionListener, org.springframework.boot.test.mock.mockito.ResetMocksTestExecutionListener, org.springframework.test.context.web.ServletTestExecutionListener, org.springframework.test.context.support.DirtiesContextBeforeModesTestExecutionListener, org.springframework.test.context.event.ApplicationEventsTestExecutionListener, org.springframework.test.context.support.DependencyInjectionTestExecutionListener, org.springframework.test.context.support.DirtiesContextTestExecutionListener, org.springframework.test.context.transaction.TransactionalTestExecutionListener, org.springframework.test.context.jdbc.SqlScriptsTestExecutionListener, org.springframework.test.context.event.EventPublishingTestExecutionListener]
22:35:31.981 [Test worker] INFO org.springframework.boot.test.context.SpringBootTestContextBootstrapper - Using TestExecutionListeners: [org.springframework.test.context.web.ServletTestExecutionListener@5b5254de, org.springframework.test.context.support.DirtiesContextBeforeModesTestExecutionListener@34bc297c, org.springframework.test.context.event.ApplicationEventsTestExecutionListener@30497d44, org.springframework.boot.test.mock.mockito.MockitoTestExecutionListener@74427b67, org.springframework.boot.test.autoconfigure.SpringBootDependencyInjectionTestExecutionListener@3d7f3595, org.springframework.test.context.support.DirtiesContextTestExecutionListener@68dd0c8f, org.springframework.test.context.transaction.TransactionalTestExecutionListener@1385ff8d, org.springframework.test.context.jdbc.SqlScriptsTestExecutionListener@74fb37d9, org.springframework.test.context.event.EventPublishingTestExecutionListener@30ec774e, org.springframework.boot.test.autoconfigure.restdocs.RestDocsTestExecutionListener@30d5aca8, org.springframework.boot.test.autoconfigure.web.client.MockRestServiceServerResetTestExecutionListener@c1044a8, org.springframework.boot.test.autoconfigure.web.servlet.MockMvcPrintOnlyOnFailureTestExecutionListener@21f8ef0c, org.springframework.boot.test.autoconfigure.web.servlet.WebDriverTestExecutionListener@727dba7a, org.springframework.boot.test.autoconfigure.webservices.client.MockWebServiceServerTestExecutionListener@6f50f871, org.springframework.boot.test.mock.mockito.ResetMocksTestExecutionListener@616bc437]
22:35:31.984 [Test worker] DEBUG org.springframework.test.context.support.AbstractDirtiesContextTestExecutionListener - Before test class: context [DefaultTestContext@70b1afc0 testClass = PostNoticeServiceTest, testInstance = [null], testMethod = [null], testException = [null], mergedContextConfiguration = [WebMergedContextConfiguration@1e60cdd5 testClass = PostNoticeServiceTest, locations = '{}', classes = '{class project.tuthree.TuthreeApplication}', contextInitializerClasses = '[]', activeProfiles = '{}', propertySourceLocations = '{}', propertySourceProperties = '{org.springframework.boot.test.context.SpringBootTestContextBootstrapper=true}', contextCustomizers = set[org.springframework.boot.test.autoconfigure.actuate.metrics.MetricsExportContextCustomizerFactory$DisableMetricExportContextCustomizer@2625f72e, org.springframework.boot.test.autoconfigure.properties.PropertyMappingContextCustomizer@0, org.springframework.boot.test.autoconfigure.web.servlet.WebDriverContextCustomizerFactory$Customizer@30710b76, org.springframework.boot.test.context.filter.ExcludeFilterContextCustomizer@3d75c0e2, org.springframework.boot.test.json.DuplicateJsonObjectContextCustomizerFactory$DuplicateJsonObjectContextCustomizer@6d3cbc41, org.springframework.boot.test.mock.mockito.MockitoContextCustomizer@0, org.springframework.boot.test.web.client.TestRestTemplateContextCustomizer@675a4289, org.springframework.boot.test.context.SpringBootTestArgs@1, org.springframework.boot.test.context.SpringBootTestWebEnvironment@25f6edae], resourceBasePath = 'src/main/webapp', contextLoader = 'org.springframework.boot.test.context.SpringBootContextLoader', parent = [null]], attributes = map['org.springframework.test.context.web.ServletTestExecutionListener.activateListener' -> true]], class annotated with @DirtiesContext [false] with mode [null].
22:35:32.007 [Test worker] DEBUG org.springframework.test.context.support.TestPropertySourceUtils - Adding inlined properties to environment: {spring.jmx.enabled=false, org.springframework.boot.test.context.SpringBootTestContextBootstrapper=true}

  .   ____          _            __ _ _
 /\\ / ___'_ __ _ _(_)_ __  __ _ \ \ \ \
( ( )\___ | '_ | '_| | '_ \/ _` | \ \ \ \
 \\/  ___)| |_)| | | | | || (_| |  ) ) ) )
  '  |____| .__|_| |_|_| |_\__, | / / / /
 =========|_|==============|___/=/_/_/_/
 :: Spring Boot ::                (v2.5.4)

2021-09-27 22:35:32.263  INFO 28072 --- [    Test worker] p.tuthree.service.PostNoticeServiceTest  : Starting PostNoticeServiceTest using Java 1.8.0_291 on seojaehui-950SBE-951SBE with PID 28072 (started by seojaehui in /home/seojaehui/Documents/IdeaProjects/tuthree)
2021-09-27 22:35:32.263  INFO 28072 --- [    Test worker] p.tuthree.service.PostNoticeServiceTest  : The following profiles are active: local
2021-09-27 22:35:32.868  INFO 28072 --- [    Test worker] .s.d.r.c.RepositoryConfigurationDelegate : Bootstrapping Spring Data JPA repositories in DEFAULT mode.
2021-09-27 22:35:32.884  INFO 28072 --- [    Test worker] .s.d.r.c.RepositoryConfigurationDelegate : Finished Spring Data repository scanning in 9 ms. Found 0 JPA repository interfaces.
2021-09-27 22:35:33.389  INFO 28072 --- [    Test worker] com.zaxxer.hikari.HikariDataSource       : HikariPool-1 - Starting...
2021-09-27 22:35:33.440  INFO 28072 --- [    Test worker] com.zaxxer.hikari.HikariDataSource       : HikariPool-1 - Start completed.
2021-09-27 22:35:33.548  INFO 28072 --- [    Test worker] o.hibernate.jpa.internal.util.LogHelper  : HHH000204: Processing PersistenceUnitInfo [name: default]
2021-09-27 22:35:33.595  INFO 28072 --- [    Test worker] org.hibernate.Version                    : HHH000412: Hibernate ORM core version 5.4.32.Final
2021-09-27 22:35:33.718  INFO 28072 --- [    Test worker] o.hibernate.annotations.common.Version   : HCANN000001: Hibernate Commons Annotations {5.1.2.Final}
2021-09-27 22:35:33.754 DEBUG 28072 --- [    Test worker] org.hibernate.type.BasicTypeRegistry     : Adding type registration boolean -> org.hibernate.type.BooleanType@635cecf7
2021-09-27 22:35:33.755 DEBUG 28072 --- [    Test worker] org.hibernate.type.BasicTypeRegistry     : Adding type registration boolean -> org.hibernate.type.BooleanType@635cecf7
2021-09-27 22:35:33.755 DEBUG 28072 --- [    Test worker] org.hibernate.type.BasicTypeRegistry     : Adding type registration java.lang.Boolean -> org.hibernate.type.BooleanType@635cecf7
2021-09-27 22:35:33.756 DEBUG 28072 --- [    Test worker] org.hibernate.type.BasicTypeRegistry     : Adding type registration numeric_boolean -> org.hibernate.type.NumericBooleanType@35d43796
2021-09-27 22:35:33.756 DEBUG 28072 --- [    Test worker] org.hibernate.type.BasicTypeRegistry     : Adding type registration true_false -> org.hibernate.type.TrueFalseType@40d87706
2021-09-27 22:35:33.757 DEBUG 28072 --- [    Test worker] org.hibernate.type.BasicTypeRegistry     : Adding type registration yes_no -> org.hibernate.type.YesNoType@272df074
2021-09-27 22:35:33.758 DEBUG 28072 --- [    Test worker] org.hibernate.type.BasicTypeRegistry     : Adding type registration byte -> org.hibernate.type.ByteType@740d1f07
2021-09-27 22:35:33.758 DEBUG 28072 --- [    Test worker] org.hibernate.type.BasicTypeRegistry     : Adding type registration byte -> org.hibernate.type.ByteType@740d1f07
2021-09-27 22:35:33.758 DEBUG 28072 --- [    Test worker] org.hibernate.type.BasicTypeRegistry     : Adding type registration java.lang.Byte -> org.hibernate.type.ByteType@740d1f07
2021-09-27 22:35:33.759 DEBUG 28072 --- [    Test worker] org.hibernate.type.BasicTypeRegistry     : Adding type registration character -> org.hibernate.type.CharacterType@32a225a0
2021-09-27 22:35:33.760 DEBUG 28072 --- [    Test worker] org.hibernate.type.BasicTypeRegistry     : Adding type registration char -> org.hibernate.type.CharacterType@32a225a0
2021-09-27 22:35:33.760 DEBUG 28072 --- [    Test worker] org.hibernate.type.BasicTypeRegistry     : Adding type registration java.lang.Character -> org.hibernate.type.CharacterType@32a225a0
2021-09-27 22:35:33.761 DEBUG 28072 --- [    Test worker] org.hibernate.type.BasicTypeRegistry     : Adding type registration short -> org.hibernate.type.ShortType@7c1257ec
2021-09-27 22:35:33.761 DEBUG 28072 --- [    Test worker] org.hibernate.type.BasicTypeRegistry     : Adding type registration short -> org.hibernate.type.ShortType@7c1257ec
2021-09-27 22:35:33.761 DEBUG 28072 --- [    Test worker] org.hibernate.type.BasicTypeRegistry     : Adding type registration java.lang.Short -> org.hibernate.type.ShortType@7c1257ec
2021-09-27 22:35:33.762 DEBUG 28072 --- [    Test worker] org.hibernate.type.BasicTypeRegistry     : Adding type registration integer -> org.hibernate.type.IntegerType@43a1563c
2021-09-27 22:35:33.763 DEBUG 28072 --- [    Test worker] org.hibernate.type.BasicTypeRegistry     : Adding type registration int -> org.hibernate.type.IntegerType@43a1563c
2021-09-27 22:35:33.763 DEBUG 28072 --- [    Test worker] org.hibernate.type.BasicTypeRegistry     : Adding type registration java.lang.Integer -> org.hibernate.type.IntegerType@43a1563c
2021-09-27 22:35:33.764 DEBUG 28072 --- [    Test worker] org.hibernate.type.BasicTypeRegistry     : Adding type registration long -> org.hibernate.type.LongType@432012e1
2021-09-27 22:35:33.764 DEBUG 28072 --- [    Test worker] org.hibernate.type.BasicTypeRegistry     : Adding type registration long -> org.hibernate.type.LongType@432012e1
2021-09-27 22:35:33.764 DEBUG 28072 --- [    Test worker] org.hibernate.type.BasicTypeRegistry     : Adding type registration java.lang.Long -> org.hibernate.type.LongType@432012e1
2021-09-27 22:35:33.765 DEBUG 28072 --- [    Test worker] org.hibernate.type.BasicTypeRegistry     : Adding type registration float -> org.hibernate.type.FloatType@765b8a2e
2021-09-27 22:35:33.766 DEBUG 28072 --- [    Test worker] org.hibernate.type.BasicTypeRegistry     : Adding type registration float -> org.hibernate.type.FloatType@765b8a2e
2021-09-27 22:35:33.766 DEBUG 28072 --- [    Test worker] org.hibernate.type.BasicTypeRegistry     : Adding type registration java.lang.Float -> org.hibernate.type.FloatType@765b8a2e
2021-09-27 22:35:33.767 DEBUG 28072 --- [    Test worker] org.hibernate.type.BasicTypeRegistry     : Adding type registration double -> org.hibernate.type.DoubleType@2b70845a
2021-09-27 22:35:33.767 DEBUG 28072 --- [    Test worker] org.hibernate.type.BasicTypeRegistry     : Adding type registration double -> org.hibernate.type.DoubleType@2b70845a
2021-09-27 22:35:33.767 DEBUG 28072 --- [    Test worker] org.hibernate.type.BasicTypeRegistry     : Adding type registration java.lang.Double -> org.hibernate.type.DoubleType@2b70845a
2021-09-27 22:35:33.768 DEBUG 28072 --- [    Test worker] org.hibernate.type.BasicTypeRegistry     : Adding type registration big_decimal -> org.hibernate.type.BigDecimalType@50d64047
2021-09-27 22:35:33.769 DEBUG 28072 --- [    Test worker] org.hibernate.type.BasicTypeRegistry     : Adding type registration java.math.BigDecimal -> org.hibernate.type.BigDecimalType@50d64047
2021-09-27 22:35:33.770 DEBUG 28072 --- [    Test worker] org.hibernate.type.BasicTypeRegistry     : Adding type registration big_integer -> org.hibernate.type.BigIntegerType@7a24965a
2021-09-27 22:35:33.770 DEBUG 28072 --- [    Test worker] org.hibernate.type.BasicTypeRegistry     : Adding type registration java.math.BigInteger -> org.hibernate.type.BigIntegerType@7a24965a
2021-09-27 22:35:33.771 DEBUG 28072 --- [    Test worker] org.hibernate.type.BasicTypeRegistry     : Adding type registration string -> org.hibernate.type.StringType@39e6dce9
2021-09-27 22:35:33.771 DEBUG 28072 --- [    Test worker] org.hibernate.type.BasicTypeRegistry     : Adding type registration java.lang.String -> org.hibernate.type.StringType@39e6dce9
2021-09-27 22:35:33.772 DEBUG 28072 --- [    Test worker] org.hibernate.type.BasicTypeRegistry     : Adding type registration nstring -> org.hibernate.type.StringNVarcharType@611302d9
2021-09-27 22:35:33.772 DEBUG 28072 --- [    Test worker] org.hibernate.type.BasicTypeRegistry     : Adding type registration ncharacter -> org.hibernate.type.CharacterNCharType@7b451e25
2021-09-27 22:35:33.773 DEBUG 28072 --- [    Test worker] org.hibernate.type.BasicTypeRegistry     : Adding type registration url -> org.hibernate.type.UrlType@6be3160c
2021-09-27 22:35:33.773 DEBUG 28072 --- [    Test worker] org.hibernate.type.BasicTypeRegistry     : Adding type registration java.net.URL -> org.hibernate.type.UrlType@6be3160c
2021-09-27 22:35:33.774 DEBUG 28072 --- [    Test worker] org.hibernate.type.BasicTypeRegistry     : Adding type registration Duration -> org.hibernate.type.DurationType@561e6aab
2021-09-27 22:35:33.774 DEBUG 28072 --- [    Test worker] org.hibernate.type.BasicTypeRegistry     : Adding type registration java.time.Duration -> org.hibernate.type.DurationType@561e6aab
2021-09-27 22:35:33.775 DEBUG 28072 --- [    Test worker] org.hibernate.type.BasicTypeRegistry     : Adding type registration Instant -> org.hibernate.type.InstantType@6035f9a1
2021-09-27 22:35:33.775 DEBUG 28072 --- [    Test worker] org.hibernate.type.BasicTypeRegistry     : Adding type registration java.time.Instant -> org.hibernate.type.InstantType@6035f9a1
2021-09-27 22:35:33.776 DEBUG 28072 --- [    Test worker] org.hibernate.type.BasicTypeRegistry     : Adding type registration LocalDateTime -> org.hibernate.type.LocalDateTimeType@2e9f61aa
2021-09-27 22:35:33.776 DEBUG 28072 --- [    Test worker] org.hibernate.type.BasicTypeRegistry     : Adding type registration java.time.LocalDateTime -> org.hibernate.type.LocalDateTimeType@2e9f61aa
2021-09-27 22:35:33.777 DEBUG 28072 --- [    Test worker] org.hibernate.type.BasicTypeRegistry     : Adding type registration LocalDate -> org.hibernate.type.LocalDateType@710a43fa
2021-09-27 22:35:33.778 DEBUG 28072 --- [    Test worker] org.hibernate.type.BasicTypeRegistry     : Adding type registration java.time.LocalDate -> org.hibernate.type.LocalDateType@710a43fa
2021-09-27 22:35:33.779 DEBUG 28072 --- [    Test worker] org.hibernate.type.BasicTypeRegistry     : Adding type registration LocalTime -> org.hibernate.type.LocalTimeType@36d35f59
2021-09-27 22:35:33.779 DEBUG 28072 --- [    Test worker] org.hibernate.type.BasicTypeRegistry     : Adding type registration java.time.LocalTime -> org.hibernate.type.LocalTimeType@36d35f59
2021-09-27 22:35:33.780 DEBUG 28072 --- [    Test worker] org.hibernate.type.BasicTypeRegistry     : Adding type registration OffsetDateTime -> org.hibernate.type.OffsetDateTimeType@2931798c
2021-09-27 22:35:33.780 DEBUG 28072 --- [    Test worker] org.hibernate.type.BasicTypeRegistry     : Adding type registration java.time.OffsetDateTime -> org.hibernate.type.OffsetDateTimeType@2931798c
2021-09-27 22:35:33.781 DEBUG 28072 --- [    Test worker] org.hibernate.type.BasicTypeRegistry     : Adding type registration OffsetTime -> org.hibernate.type.OffsetTimeType@66cda952
2021-09-27 22:35:33.782 DEBUG 28072 --- [    Test worker] org.hibernate.type.BasicTypeRegistry     : Adding type registration java.time.OffsetTime -> org.hibernate.type.OffsetTimeType@66cda952
2021-09-27 22:35:33.784 DEBUG 28072 --- [    Test worker] org.hibernate.type.BasicTypeRegistry     : Adding type registration ZonedDateTime -> org.hibernate.type.ZonedDateTimeType@515e3370
2021-09-27 22:35:33.784 DEBUG 28072 --- [    Test worker] org.hibernate.type.BasicTypeRegistry     : Adding type registration java.time.ZonedDateTime -> org.hibernate.type.ZonedDateTimeType@515e3370
2021-09-27 22:35:33.785 DEBUG 28072 --- [    Test worker] org.hibernate.type.BasicTypeRegistry     : Adding type registration date -> org.hibernate.type.DateType@4931fe
2021-09-27 22:35:33.785 DEBUG 28072 --- [    Test worker] org.hibernate.type.BasicTypeRegistry     : Adding type registration java.sql.Date -> org.hibernate.type.DateType@4931fe
2021-09-27 22:35:33.787 DEBUG 28072 --- [    Test worker] org.hibernate.type.BasicTypeRegistry     : Adding type registration time -> org.hibernate.type.TimeType@4b88bf05
2021-09-27 22:35:33.787 DEBUG 28072 --- [    Test worker] org.hibernate.type.BasicTypeRegistry     : Adding type registration java.sql.Time -> org.hibernate.type.TimeType@4b88bf05
2021-09-27 22:35:33.788 DEBUG 28072 --- [    Test worker] org.hibernate.type.BasicTypeRegistry     : Adding type registration timestamp -> org.hibernate.type.TimestampType@1c238e2d
2021-09-27 22:35:33.788 DEBUG 28072 --- [    Test worker] org.hibernate.type.BasicTypeRegistry     : Adding type registration java.sql.Timestamp -> org.hibernate.type.TimestampType@1c238e2d
2021-09-27 22:35:33.788 DEBUG 28072 --- [    Test worker] org.hibernate.type.BasicTypeRegistry     : Adding type registration java.util.Date -> org.hibernate.type.TimestampType@1c238e2d
2021-09-27 22:35:33.789 DEBUG 28072 --- [    Test worker] org.hibernate.type.BasicTypeRegistry     : Adding type registration dbtimestamp -> org.hibernate.type.DbTimestampType@7b4bd704
2021-09-27 22:35:33.790 DEBUG 28072 --- [    Test worker] org.hibernate.type.BasicTypeRegistry     : Adding type registration calendar -> org.hibernate.type.CalendarType@4d707ee2
2021-09-27 22:35:33.790 DEBUG 28072 --- [    Test worker] org.hibernate.type.BasicTypeRegistry     : Adding type registration java.util.Calendar -> org.hibernate.type.CalendarType@4d707ee2
2021-09-27 22:35:33.790 DEBUG 28072 --- [    Test worker] org.hibernate.type.BasicTypeRegistry     : Adding type registration java.util.GregorianCalendar -> org.hibernate.type.CalendarType@4d707ee2
2021-09-27 22:35:33.791 DEBUG 28072 --- [    Test worker] org.hibernate.type.BasicTypeRegistry     : Adding type registration calendar_date -> org.hibernate.type.CalendarDateType@50ce8300
2021-09-27 22:35:33.792 DEBUG 28072 --- [    Test worker] org.hibernate.type.BasicTypeRegistry     : Adding type registration calendar_time -> org.hibernate.type.CalendarTimeType@7685d12
2021-09-27 22:35:33.792 DEBUG 28072 --- [    Test worker] org.hibernate.type.BasicTypeRegistry     : Adding type registration locale -> org.hibernate.type.LocaleType@33e63816
2021-09-27 22:35:33.793 DEBUG 28072 --- [    Test worker] org.hibernate.type.BasicTypeRegistry     : Adding type registration java.util.Locale -> org.hibernate.type.LocaleType@33e63816
2021-09-27 22:35:33.793 DEBUG 28072 --- [    Test worker] org.hibernate.type.BasicTypeRegistry     : Adding type registration currency -> org.hibernate.type.CurrencyType@5ecca7ae
2021-09-27 22:35:33.793 DEBUG 28072 --- [    Test worker] org.hibernate.type.BasicTypeRegistry     : Adding type registration java.util.Currency -> org.hibernate.type.CurrencyType@5ecca7ae
2021-09-27 22:35:33.794 DEBUG 28072 --- [    Test worker] org.hibernate.type.BasicTypeRegistry     : Adding type registration timezone -> org.hibernate.type.TimeZoneType@3bb84063
2021-09-27 22:35:33.794 DEBUG 28072 --- [    Test worker] org.hibernate.type.BasicTypeRegistry     : Adding type registration java.util.TimeZone -> org.hibernate.type.TimeZoneType@3bb84063
2021-09-27 22:35:33.795 DEBUG 28072 --- [    Test worker] org.hibernate.type.BasicTypeRegistry     : Adding type registration class -> org.hibernate.type.ClassType@20457e23
2021-09-27 22:35:33.795 DEBUG 28072 --- [    Test worker] org.hibernate.type.BasicTypeRegistry     : Adding type registration java.lang.Class -> org.hibernate.type.ClassType@20457e23
2021-09-27 22:35:33.796 DEBUG 28072 --- [    Test worker] org.hibernate.type.BasicTypeRegistry     : Adding type registration uuid-binary -> org.hibernate.type.UUIDBinaryType@661ba020
2021-09-27 22:35:33.796 DEBUG 28072 --- [    Test worker] org.hibernate.type.BasicTypeRegistry     : Adding type registration java.util.UUID -> org.hibernate.type.UUIDBinaryType@661ba020
2021-09-27 22:35:33.796 DEBUG 28072 --- [    Test worker] org.hibernate.type.BasicTypeRegistry     : Adding type registration uuid-char -> org.hibernate.type.UUIDCharType@59083669
2021-09-27 22:35:33.797 DEBUG 28072 --- [    Test worker] org.hibernate.type.BasicTypeRegistry     : Adding type registration binary -> org.hibernate.type.BinaryType@683b818c
2021-09-27 22:35:33.797 DEBUG 28072 --- [    Test worker] org.hibernate.type.BasicTypeRegistry     : Adding type registration byte[] -> org.hibernate.type.BinaryType@683b818c
2021-09-27 22:35:33.797 DEBUG 28072 --- [    Test worker] org.hibernate.type.BasicTypeRegistry     : Adding type registration [B -> org.hibernate.type.BinaryType@683b818c
2021-09-27 22:35:33.798 DEBUG 28072 --- [    Test worker] org.hibernate.type.BasicTypeRegistry     : Adding type registration wrapper-binary -> org.hibernate.type.WrapperBinaryType@6ca2fed0
2021-09-27 22:35:33.798 DEBUG 28072 --- [    Test worker] org.hibernate.type.BasicTypeRegistry     : Adding type registration Byte[] -> org.hibernate.type.WrapperBinaryType@6ca2fed0
2021-09-27 22:35:33.798 DEBUG 28072 --- [    Test worker] org.hibernate.type.BasicTypeRegistry     : Adding type registration [Ljava.lang.Byte; -> org.hibernate.type.WrapperBinaryType@6ca2fed0
2021-09-27 22:35:33.799 DEBUG 28072 --- [    Test worker] org.hibernate.type.BasicTypeRegistry     : Adding type registration row_version -> org.hibernate.type.RowVersionType@25dbdf5c
2021-09-27 22:35:33.800 DEBUG 28072 --- [    Test worker] org.hibernate.type.BasicTypeRegistry     : Adding type registration image -> org.hibernate.type.ImageType@5f77a4c8
2021-09-27 22:35:33.800 DEBUG 28072 --- [    Test worker] org.hibernate.type.BasicTypeRegistry     : Adding type registration characters -> org.hibernate.type.CharArrayType@4722236
2021-09-27 22:35:33.800 DEBUG 28072 --- [    Test worker] org.hibernate.type.BasicTypeRegistry     : Adding type registration char[] -> org.hibernate.type.CharArrayType@4722236
2021-09-27 22:35:33.800 DEBUG 28072 --- [    Test worker] org.hibernate.type.BasicTypeRegistry     : Adding type registration [C -> org.hibernate.type.CharArrayType@4722236
2021-09-27 22:35:33.801 DEBUG 28072 --- [    Test worker] org.hibernate.type.BasicTypeRegistry     : Adding type registration wrapper-characters -> org.hibernate.type.CharacterArrayType@67dededc
2021-09-27 22:35:33.801 DEBUG 28072 --- [    Test worker] org.hibernate.type.BasicTypeRegistry     : Adding type registration [Ljava.lang.Character; -> org.hibernate.type.CharacterArrayType@67dededc
2021-09-27 22:35:33.801 DEBUG 28072 --- [    Test worker] org.hibernate.type.BasicTypeRegistry     : Adding type registration Character[] -> org.hibernate.type.CharacterArrayType@67dededc
2021-09-27 22:35:33.802 DEBUG 28072 --- [    Test worker] org.hibernate.type.BasicTypeRegistry     : Adding type registration text -> org.hibernate.type.TextType@1330791d
2021-09-27 22:35:33.802 DEBUG 28072 --- [    Test worker] org.hibernate.type.BasicTypeRegistry     : Adding type registration ntext -> org.hibernate.type.NTextType@7f274daa
2021-09-27 22:35:33.803 DEBUG 28072 --- [    Test worker] org.hibernate.type.BasicTypeRegistry     : Adding type registration blob -> org.hibernate.type.BlobType@6337b87
2021-09-27 22:35:33.803 DEBUG 28072 --- [    Test worker] org.hibernate.type.BasicTypeRegistry     : Adding type registration java.sql.Blob -> org.hibernate.type.BlobType@6337b87
2021-09-27 22:35:33.804 DEBUG 28072 --- [    Test worker] org.hibernate.type.BasicTypeRegistry     : Adding type registration materialized_blob -> org.hibernate.type.MaterializedBlobType@24fcbec0
2021-09-27 22:35:33.805 DEBUG 28072 --- [    Test worker] org.hibernate.type.BasicTypeRegistry     : Adding type registration clob -> org.hibernate.type.ClobType@3eeecc2e
2021-09-27 22:35:33.805 DEBUG 28072 --- [    Test worker] org.hibernate.type.BasicTypeRegistry     : Adding type registration java.sql.Clob -> org.hibernate.type.ClobType@3eeecc2e
2021-09-27 22:35:33.806 DEBUG 28072 --- [    Test worker] org.hibernate.type.BasicTypeRegistry     : Adding type registration nclob -> org.hibernate.type.NClobType@f8d4a0d
2021-09-27 22:35:33.806 DEBUG 28072 --- [    Test worker] org.hibernate.type.BasicTypeRegistry     : Adding type registration java.sql.NClob -> org.hibernate.type.NClobType@f8d4a0d
2021-09-27 22:35:33.807 DEBUG 28072 --- [    Test worker] org.hibernate.type.BasicTypeRegistry     : Adding type registration materialized_clob -> org.hibernate.type.MaterializedClobType@52a8b052
2021-09-27 22:35:33.807 DEBUG 28072 --- [    Test worker] org.hibernate.type.BasicTypeRegistry     : Adding type registration materialized_nclob -> org.hibernate.type.MaterializedNClobType@97e6036
2021-09-27 22:35:33.809 DEBUG 28072 --- [    Test worker] org.hibernate.type.BasicTypeRegistry     : Adding type registration serializable -> org.hibernate.type.SerializableType@76d3ca7a
2021-09-27 22:35:33.812 DEBUG 28072 --- [    Test worker] org.hibernate.type.BasicTypeRegistry     : Adding type registration object -> org.hibernate.type.ObjectType@44fba1fa
2021-09-27 22:35:33.812 DEBUG 28072 --- [    Test worker] org.hibernate.type.BasicTypeRegistry     : Adding type registration java.lang.Object -> org.hibernate.type.ObjectType@44fba1fa
2021-09-27 22:35:33.813 DEBUG 28072 --- [    Test worker] org.hibernate.type.BasicTypeRegistry     : Adding type registration imm_date -> org.hibernate.type.AdaptedImmutableType@1ea04fc8
2021-09-27 22:35:33.813 DEBUG 28072 --- [    Test worker] org.hibernate.type.BasicTypeRegistry     : Adding type registration imm_time -> org.hibernate.type.AdaptedImmutableType@74dc997
2021-09-27 22:35:33.813 DEBUG 28072 --- [    Test worker] org.hibernate.type.BasicTypeRegistry     : Adding type registration imm_timestamp -> org.hibernate.type.AdaptedImmutableType@20de1293
2021-09-27 22:35:33.813 DEBUG 28072 --- [    Test worker] org.hibernate.type.BasicTypeRegistry     : Adding type registration imm_dbtimestamp -> org.hibernate.type.AdaptedImmutableType@7d616f7f
2021-09-27 22:35:33.813 DEBUG 28072 --- [    Test worker] org.hibernate.type.BasicTypeRegistry     : Adding type registration imm_calendar -> org.hibernate.type.AdaptedImmutableType@61a3b114
2021-09-27 22:35:33.813 DEBUG 28072 --- [    Test worker] org.hibernate.type.BasicTypeRegistry     : Adding type registration imm_calendar_date -> org.hibernate.type.AdaptedImmutableType@8cbcdc6
2021-09-27 22:35:33.813 DEBUG 28072 --- [    Test worker] org.hibernate.type.BasicTypeRegistry     : Adding type registration imm_binary -> org.hibernate.type.AdaptedImmutableType@58d10cc6
2021-09-27 22:35:33.813 DEBUG 28072 --- [    Test worker] org.hibernate.type.BasicTypeRegistry     : Adding type registration imm_serializable -> org.hibernate.type.AdaptedImmutableType@2ebd8a34
2021-09-27 22:35:33.868  INFO 28072 --- [    Test worker] org.hibernate.dialect.Dialect            : HHH000400: Using dialect: org.hibernate.dialect.H2Dialect
2021-09-27 22:35:33.923 DEBUG 28072 --- [    Test worker] o.h.type.spi.TypeConfiguration$Scope     : Scoping TypeConfiguration [org.hibernate.type.spi.TypeConfiguration@3a9f09d2] to MetadataBuildingContext [org.hibernate.boot.internal.MetadataBuildingContextRootImpl@26511d22]
2021-09-27 22:35:34.204 DEBUG 28072 --- [    Test worker] org.hibernate.type.EnumType              : Using ORDINAL-based conversion for Enum project.tuthree.domain.Status
2021-09-27 22:35:34.206 DEBUG 28072 --- [    Test worker] org.hibernate.type.EnumType              : Using NAMED-based conversion for Enum project.tuthree.domain.post.NoticeType
2021-09-27 22:35:34.206 DEBUG 28072 --- [    Test worker] org.hibernate.type.EnumType              : Using NAMED-based conversion for Enum project.tuthree.domain.user.Grade
2021-09-27 22:35:34.206 DEBUG 28072 --- [    Test worker] org.hibernate.type.EnumType              : Using ORDINAL-based conversion for Enum project.tuthree.domain.user.Sex
2021-09-27 22:35:34.206 DEBUG 28072 --- [    Test worker] org.hibernate.type.EnumType              : Using ORDINAL-based conversion for Enum project.tuthree.domain.Status
2021-09-27 22:35:34.207 DEBUG 28072 --- [    Test worker] org.hibernate.type.EnumType              : Using ORDINAL-based conversion for Enum project.tuthree.domain.Status
2021-09-27 22:35:34.207 DEBUG 28072 --- [    Test worker] org.hibernate.type.EnumType              : Using ORDINAL-based conversion for Enum project.tuthree.domain.user.SchoolStatus
2021-09-27 22:35:34.207 DEBUG 28072 --- [    Test worker] org.hibernate.type.EnumType              : Using ORDINAL-based conversion for Enum project.tuthree.domain.Status
2021-09-27 22:35:34.207 DEBUG 28072 --- [    Test worker] org.hibernate.type.EnumType              : Using NAMED-based conversion for Enum project.tuthree.domain.post.FaqType
2021-09-27 22:35:34.207 DEBUG 28072 --- [    Test worker] org.hibernate.type.EnumType              : Using NAMED-based conversion for Enum project.tuthree.domain.Status
2021-09-27 22:35:34.208 DEBUG 28072 --- [    Test worker] org.hibernate.type.EnumType              : Using ORDINAL-based conversion for Enum project.tuthree.domain.Status
2021-09-27 22:35:34.208 DEBUG 28072 --- [    Test worker] org.hibernate.type.EnumType              : Using ORDINAL-based conversion for Enum project.tuthree.domain.Status
2021-09-27 22:35:34.208 DEBUG 28072 --- [    Test worker] org.hibernate.type.EnumType              : Using NAMED-based conversion for Enum project.tuthree.domain.user.School
2021-09-27 22:35:34.208 DEBUG 28072 --- [    Test worker] o.h.type.spi.TypeConfiguration$Scope     : Scoping TypeConfiguration [org.hibernate.type.spi.TypeConfiguration@3a9f09d2] to SessionFactoryImpl [org.hibernate.internal.SessionFactoryImpl@3096c683]
2021-09-27 22:35:34.643  INFO 28072 --- [    Test worker] p6spy                                    : #1632749734643 | took 0ms | statement | connection 2| url jdbc:h2:tcp://localhost/~/Documents/IdeaProjects/TuthreeDatabase

    drop table if exists admin CASCADE 

    drop table if exists admin CASCADE ;
2021-09-27 22:35:34.643  INFO 28072 --- [    Test worker] p6spy                                    : #1632749734643 | took 0ms | statement | connection 2| url jdbc:h2:tcp://localhost/~/Documents/IdeaProjects/TuthreeDatabase

    drop table if exists book_mark CASCADE 

    drop table if exists book_mark CASCADE ;
2021-09-27 22:35:34.644  INFO 28072 --- [    Test worker] p6spy                                    : #1632749734644 | took 0ms | statement | connection 2| url jdbc:h2:tcp://localhost/~/Documents/IdeaProjects/TuthreeDatabase

    drop table if exists calendar CASCADE 

    drop table if exists calendar CASCADE ;
2021-09-27 22:35:34.644  INFO 28072 --- [    Test worker] p6spy                                    : #1632749734644 | took 0ms | statement | connection 2| url jdbc:h2:tcp://localhost/~/Documents/IdeaProjects/TuthreeDatabase

    drop table if exists chat CASCADE 

    drop table if exists chat CASCADE ;
2021-09-27 22:35:34.645  INFO 28072 --- [    Test worker] p6spy                                    : #1632749734645 | took 0ms | statement | connection 2| url jdbc:h2:tcp://localhost/~/Documents/IdeaProjects/TuthreeDatabase

    drop table if exists chat_room CASCADE 

    drop table if exists chat_room CASCADE ;
2021-09-27 22:35:34.645  INFO 28072 --- [    Test worker] p6spy                                    : #1632749734645 | took 0ms | statement | connection 2| url jdbc:h2:tcp://localhost/~/Documents/IdeaProjects/TuthreeDatabase

    drop table if exists file CASCADE 

    drop table if exists file CASCADE ;
2021-09-27 22:35:34.645  INFO 28072 --- [    Test worker] p6spy                                    : #1632749734645 | took 0ms | statement | connection 2| url jdbc:h2:tcp://localhost/~/Documents/IdeaProjects/TuthreeDatabase

    drop table if exists log CASCADE 

    drop table if exists log CASCADE ;
2021-09-27 22:35:34.646  INFO 28072 --- [    Test worker] p6spy                                    : #1632749734646 | took 0ms | statement | connection 2| url jdbc:h2:tcp://localhost/~/Documents/IdeaProjects/TuthreeDatabase

    drop table if exists parent CASCADE 

    drop table if exists parent CASCADE ;
2021-09-27 22:35:34.646  INFO 28072 --- [    Test worker] p6spy                                    : #1632749734646 | took 0ms | statement | connection 2| url jdbc:h2:tcp://localhost/~/Documents/IdeaProjects/TuthreeDatabase

    drop table if exists post_admin CASCADE 

    drop table if exists post_admin CASCADE ;
2021-09-27 22:35:34.646  INFO 28072 --- [    Test worker] p6spy                                    : #1632749734646 | took 0ms | statement | connection 2| url jdbc:h2:tcp://localhost/~/Documents/IdeaProjects/TuthreeDatabase

    drop table if exists post_faq CASCADE 

    drop table if exists post_faq CASCADE ;
2021-09-27 22:35:34.647  INFO 28072 --- [    Test worker] p6spy                                    : #1632749734647 | took 0ms | statement | connection 2| url jdbc:h2:tcp://localhost/~/Documents/IdeaProjects/TuthreeDatabase

    drop table if exists post_find CASCADE 

    drop table if exists post_find CASCADE ;
2021-09-27 22:35:34.647  INFO 28072 --- [    Test worker] p6spy                                    : #1632749734647 | took 0ms | statement | connection 2| url jdbc:h2:tcp://localhost/~/Documents/IdeaProjects/TuthreeDatabase

    drop table if exists post_notice CASCADE 

    drop table if exists post_notice CASCADE ;
2021-09-27 22:35:34.647  INFO 28072 --- [    Test worker] p6spy                                    : #1632749734647 | took 0ms | statement | connection 2| url jdbc:h2:tcp://localhost/~/Documents/IdeaProjects/TuthreeDatabase

    drop table if exists post_review CASCADE 

    drop table if exists post_review CASCADE ;
2021-09-27 22:35:34.648  INFO 28072 --- [    Test worker] p6spy                                    : #1632749734647 | took 0ms | statement | connection 2| url jdbc:h2:tcp://localhost/~/Documents/IdeaProjects/TuthreeDatabase

    drop table if exists post_study CASCADE 

    drop table if exists post_study CASCADE ;
2021-09-27 22:35:34.648  INFO 28072 --- [    Test worker] p6spy                                    : #1632749734648 | took 0ms | statement | connection 2| url jdbc:h2:tcp://localhost/~/Documents/IdeaProjects/TuthreeDatabase

    drop table if exists post_test_paper CASCADE 

    drop table if exists post_test_paper CASCADE ;
2021-09-27 22:35:34.648  INFO 28072 --- [    Test worker] p6spy                                    : #1632749734648 | took 0ms | statement | connection 2| url jdbc:h2:tcp://localhost/~/Documents/IdeaProjects/TuthreeDatabase

    drop table if exists student CASCADE 

    drop table if exists student CASCADE ;
2021-09-27 22:35:34.648  INFO 28072 --- [    Test worker] p6spy                                    : #1632749734648 | took 0ms | statement | connection 2| url jdbc:h2:tcp://localhost/~/Documents/IdeaProjects/TuthreeDatabase

    drop table if exists study_room CASCADE 

    drop table if exists study_room CASCADE ;
2021-09-27 22:35:34.649  INFO 28072 --- [    Test worker] p6spy                                    : #1632749734649 | took 0ms | statement | connection 2| url jdbc:h2:tcp://localhost/~/Documents/IdeaProjects/TuthreeDatabase

    drop table if exists study_room_info CASCADE 

    drop table if exists study_room_info CASCADE ;
2021-09-27 22:35:34.649  INFO 28072 --- [    Test worker] p6spy                                    : #1632749734649 | took 0ms | statement | connection 2| url jdbc:h2:tcp://localhost/~/Documents/IdeaProjects/TuthreeDatabase

    drop table if exists study_test CASCADE 

    drop table if exists study_test CASCADE ;
2021-09-27 22:35:34.649  INFO 28072 --- [    Test worker] p6spy                                    : #1632749734649 | took 0ms | statement | connection 2| url jdbc:h2:tcp://localhost/~/Documents/IdeaProjects/TuthreeDatabase

    drop table if exists teacher CASCADE 

    drop table if exists teacher CASCADE ;
2021-09-27 22:35:34.650  INFO 28072 --- [    Test worker] p6spy                                    : #1632749734650 | took 0ms | statement | connection 2| url jdbc:h2:tcp://localhost/~/Documents/IdeaProjects/TuthreeDatabase

    drop sequence if exists bookmark_seq

    drop sequence if exists bookmark_seq;
2021-09-27 22:35:34.650  INFO 28072 --- [    Test worker] p6spy                                    : #1632749734650 | took 0ms | statement | connection 2| url jdbc:h2:tcp://localhost/~/Documents/IdeaProjects/TuthreeDatabase

    drop sequence if exists calendar_seq

    drop sequence if exists calendar_seq;
2021-09-27 22:35:34.650  INFO 28072 --- [    Test worker] p6spy                                    : #1632749734650 | took 0ms | statement | connection 2| url jdbc:h2:tcp://localhost/~/Documents/IdeaProjects/TuthreeDatabase

    drop sequence if exists chat_seq

    drop sequence if exists chat_seq;
2021-09-27 22:35:34.650  INFO 28072 --- [    Test worker] p6spy                                    : #1632749734650 | took 0ms | statement | connection 2| url jdbc:h2:tcp://localhost/~/Documents/IdeaProjects/TuthreeDatabase

    drop sequence if exists chatroom_seq

    drop sequence if exists chatroom_seq;
2021-09-27 22:35:34.650  INFO 28072 --- [    Test worker] p6spy                                    : #1632749734650 | took 0ms | statement | connection 2| url jdbc:h2:tcp://localhost/~/Documents/IdeaProjects/TuthreeDatabase

    drop sequence if exists file_seq_generator

    drop sequence if exists file_seq_generator;
2021-09-27 22:35:34.651  INFO 28072 --- [    Test worker] p6spy                                    : #1632749734651 | took 0ms | statement | connection 2| url jdbc:h2:tcp://localhost/~/Documents/IdeaProjects/TuthreeDatabase

    drop sequence if exists log_seq

    drop sequence if exists log_seq;
2021-09-27 22:35:34.651  INFO 28072 --- [    Test worker] p6spy                                    : #1632749734651 | took 0ms | statement | connection 2| url jdbc:h2:tcp://localhost/~/Documents/IdeaProjects/TuthreeDatabase

    drop sequence if exists postadmin_seq

    drop sequence if exists postadmin_seq;
2021-09-27 22:35:34.651  INFO 28072 --- [    Test worker] p6spy                                    : #1632749734651 | took 0ms | statement | connection 2| url jdbc:h2:tcp://localhost/~/Documents/IdeaProjects/TuthreeDatabase

    drop sequence if exists postfaq_seq

    drop sequence if exists postfaq_seq;
2021-09-27 22:35:34.651  INFO 28072 --- [    Test worker] p6spy                                    : #1632749734651 | took 0ms | statement | connection 2| url jdbc:h2:tcp://localhost/~/Documents/IdeaProjects/TuthreeDatabase

    drop sequence if exists postfind_seq

    drop sequence if exists postfind_seq;
2021-09-27 22:35:34.652  INFO 28072 --- [    Test worker] p6spy                                    : #1632749734652 | took 0ms | statement | connection 2| url jdbc:h2:tcp://localhost/~/Documents/IdeaProjects/TuthreeDatabase

    drop sequence if exists postnotice_seq

    drop sequence if exists postnotice_seq;
2021-09-27 22:35:34.652  INFO 28072 --- [    Test worker] p6spy                                    : #1632749734652 | took 0ms | statement | connection 2| url jdbc:h2:tcp://localhost/~/Documents/IdeaProjects/TuthreeDatabase

    drop sequence if exists poststudy_seq

    drop sequence if exists poststudy_seq;
2021-09-27 22:35:34.652  INFO 28072 --- [    Test worker] p6spy                                    : #1632749734652 | took 0ms | statement | connection 2| url jdbc:h2:tcp://localhost/~/Documents/IdeaProjects/TuthreeDatabase

    drop sequence if exists posttestpaper_seq

    drop sequence if exists posttestpaper_seq;
2021-09-27 22:35:34.654  INFO 28072 --- [    Test worker] p6spy                                    : #1632749734654 | took 0ms | statement | connection 3| url jdbc:h2:tcp://localhost/~/Documents/IdeaProjects/TuthreeDatabase
create sequence bookmark_seq start with 1 increment by 1
create sequence bookmark_seq start with 1 increment by 1;
2021-09-27 22:35:34.654  INFO 28072 --- [    Test worker] p6spy                                    : #1632749734654 | took 0ms | statement | connection 3| url jdbc:h2:tcp://localhost/~/Documents/IdeaProjects/TuthreeDatabase
create sequence calendar_seq start with 1 increment by 1
create sequence calendar_seq start with 1 increment by 1;
2021-09-27 22:35:34.655  INFO 28072 --- [    Test worker] p6spy                                    : #1632749734655 | took 0ms | statement | connection 3| url jdbc:h2:tcp://localhost/~/Documents/IdeaProjects/TuthreeDatabase
create sequence chat_seq start with 1 increment by 1
create sequence chat_seq start with 1 increment by 1;
2021-09-27 22:35:34.655  INFO 28072 --- [    Test worker] p6spy                                    : #1632749734655 | took 0ms | statement | connection 3| url jdbc:h2:tcp://localhost/~/Documents/IdeaProjects/TuthreeDatabase
create sequence chatroom_seq start with 1 increment by 1
create sequence chatroom_seq start with 1 increment by 1;
2021-09-27 22:35:34.655  INFO 28072 --- [    Test worker] p6spy                                    : #1632749734655 | took 0ms | statement | connection 3| url jdbc:h2:tcp://localhost/~/Documents/IdeaProjects/TuthreeDatabase
create sequence file_seq_generator start with 1 increment by 1
create sequence file_seq_generator start with 1 increment by 1;
2021-09-27 22:35:34.655  INFO 28072 --- [    Test worker] p6spy                                    : #1632749734655 | took 0ms | statement | connection 3| url jdbc:h2:tcp://localhost/~/Documents/IdeaProjects/TuthreeDatabase
create sequence log_seq start with 1 increment by 1
create sequence log_seq start with 1 increment by 1;
2021-09-27 22:35:34.655  INFO 28072 --- [    Test worker] p6spy                                    : #1632749734655 | took 0ms | statement | connection 3| url jdbc:h2:tcp://localhost/~/Documents/IdeaProjects/TuthreeDatabase
create sequence postadmin_seq start with 1 increment by 1
create sequence postadmin_seq start with 1 increment by 1;
2021-09-27 22:35:34.656  INFO 28072 --- [    Test worker] p6spy                                    : #1632749734656 | took 0ms | statement | connection 3| url jdbc:h2:tcp://localhost/~/Documents/IdeaProjects/TuthreeDatabase
create sequence postfaq_seq start with 1 increment by 1
create sequence postfaq_seq start with 1 increment by 1;
2021-09-27 22:35:34.656  INFO 28072 --- [    Test worker] p6spy                                    : #1632749734656 | took 0ms | statement | connection 3| url jdbc:h2:tcp://localhost/~/Documents/IdeaProjects/TuthreeDatabase
create sequence postfind_seq start with 1 increment by 1
create sequence postfind_seq start with 1 increment by 1;
2021-09-27 22:35:34.656  INFO 28072 --- [    Test worker] p6spy                                    : #1632749734656 | took 0ms | statement | connection 3| url jdbc:h2:tcp://localhost/~/Documents/IdeaProjects/TuthreeDatabase
create sequence postnotice_seq start with 1 increment by 1
create sequence postnotice_seq start with 1 increment by 1;
2021-09-27 22:35:34.656  INFO 28072 --- [    Test worker] p6spy                                    : #1632749734656 | took 0ms | statement | connection 3| url jdbc:h2:tcp://localhost/~/Documents/IdeaProjects/TuthreeDatabase
create sequence poststudy_seq start with 1 increment by 50
create sequence poststudy_seq start with 1 increment by 50;
2021-09-27 22:35:34.656  INFO 28072 --- [    Test worker] p6spy                                    : #1632749734656 | took 0ms | statement | connection 3| url jdbc:h2:tcp://localhost/~/Documents/IdeaProjects/TuthreeDatabase
create sequence posttestpaper_seq start with 1 increment by 1
create sequence posttestpaper_seq start with 1 increment by 1;
2021-09-27 22:35:34.657  INFO 28072 --- [    Test worker] p6spy                                    : #1632749734657 | took 0ms | statement | connection 3| url jdbc:h2:tcp://localhost/~/Documents/IdeaProjects/TuthreeDatabase

    create table admin (
       admin_id varchar(255) not null,
        admin_pwd varchar(255),
        primary key (admin_id)
    )

    create table admin (
       admin_id varchar(255) not null,
        admin_pwd varchar(255),
        primary key (admin_id)
    );
2021-09-27 22:35:34.658  INFO 28072 --- [    Test worker] p6spy                                    : #1632749734658 | took 0ms | statement | connection 3| url jdbc:h2:tcp://localhost/~/Documents/IdeaProjects/TuthreeDatabase

    create table book_mark (
       mark_id bigint not null,
        user_id1 varchar(255),
        user_id2 varchar(255),
        primary key (mark_id)
    )

    create table book_mark (
       mark_id bigint not null,
        user_id1 varchar(255),
        user_id2 varchar(255),
        primary key (mark_id)
    );
2021-09-27 22:35:34.658  INFO 28072 --- [    Test worker] p6spy                                    : #1632749734658 | took 0ms | statement | connection 3| url jdbc:h2:tcp://localhost/~/Documents/IdeaProjects/TuthreeDatabase

    create table calendar (
       cal_id bigint not null,
        date date,
        schedule varchar(255),
        teacher_id varchar(255),
        student_id varchar(255),
        primary key (cal_id)
    )

    create table calendar (
       cal_id bigint not null,
        date date,
        schedule varchar(255),
        teacher_id varchar(255),
        student_id varchar(255),
        primary key (cal_id)
    );
2021-09-27 22:35:34.658  INFO 28072 --- [    Test worker] p6spy                                    : #1632749734658 | took 0ms | statement | connection 3| url jdbc:h2:tcp://localhost/~/Documents/IdeaProjects/TuthreeDatabase

    create table chat (
       chat_id bigint not null,
        chat_at timestamp,
        chat_content varchar(255),
        user_id varchar(255),
        room_id bigint,
        primary key (chat_id)
    )

    create table chat (
       chat_id bigint not null,
        chat_at timestamp,
        chat_content varchar(255),
        user_id varchar(255),
        room_id bigint,
        primary key (chat_id)
    );
2021-09-27 22:35:34.659  INFO 28072 --- [    Test worker] p6spy                                    : #1632749734659 | took 0ms | statement | connection 3| url jdbc:h2:tcp://localhost/~/Documents/IdeaProjects/TuthreeDatabase

    create table chat_room (
       room_id bigint not null,
        user_id1 varchar(255),
        user_id2 varchar(255),
        primary key (room_id)
    )

    create table chat_room (
       room_id bigint not null,
        user_id1 varchar(255),
        user_id2 varchar(255),
        primary key (room_id)
    );
2021-09-27 22:35:34.659  INFO 28072 --- [    Test worker] p6spy                                    : #1632749734659 | took 0ms | statement | connection 3| url jdbc:h2:tcp://localhost/~/Documents/IdeaProjects/TuthreeDatabase

    create table file (
       file_id bigint not null,
        real_title varchar(255),
        save_title varchar(255),
        teacher_id varchar(255),
        student_id varchar(255),
        testpaper_id varchar(255),
        primary key (file_id)
    )

    create table file (
       file_id bigint not null,
        real_title varchar(255),
        save_title varchar(255),
        teacher_id varchar(255),
        student_id varchar(255),
        testpaper_id varchar(255),
        primary key (file_id)
    );
2021-09-27 22:35:34.660  INFO 28072 --- [    Test worker] p6spy                                    : #1632749734660 | took 0ms | statement | connection 3| url jdbc:h2:tcp://localhost/~/Documents/IdeaProjects/TuthreeDatabase

    create table log (
       log_id bigint not null,
        ip_addr varchar(255),
        log_type integer,
        time timestamp,
        user_id varchar(255),
        primary key (log_id)
    )

    create table log (
       log_id bigint not null,
        ip_addr varchar(255),
        log_type integer,
        time timestamp,
        user_id varchar(255),
        primary key (log_id)
    );
2021-09-27 22:35:34.660  INFO 28072 --- [    Test worker] p6spy                                    : #1632749734660 | took 0ms | statement | connection 3| url jdbc:h2:tcp://localhost/~/Documents/IdeaProjects/TuthreeDatabase

    create table parent (
       user_id varchar(255) not null,
        birth integer not null,
        create_date timestamp,
        email varchar(255),
        grade varchar(255),
        name varchar(255),
        post varchar(255),
        user_pwd varchar(255),
        sex integer,
        tel varchar(255),
        primary key (user_id)
    )

    create table parent (
       user_id varchar(255) not null,
        birth integer not null,
        create_date timestamp,
        email varchar(255),
        grade varchar(255),
        name varchar(255),
        post varchar(255),
        user_pwd varchar(255),
        sex integer,
        tel varchar(255),
        primary key (user_id)
    );
2021-09-27 22:35:34.661  INFO 28072 --- [    Test worker] p6spy                                    : #1632749734661 | took 0ms | statement | connection 3| url jdbc:h2:tcp://localhost/~/Documents/IdeaProjects/TuthreeDatabase

    create table post_admin (
       post_id bigint not null,
        alter_at timestamp,
        content varchar(255),
        secret integer,
        title varchar(255),
        view bigint,
        write_at timestamp,
        admin_id varchar(255),
        primary key (post_id)
    )

    create table post_admin (
       post_id bigint not null,
        alter_at timestamp,
        content varchar(255),
        secret integer,
        title varchar(255),
        view bigint,
        write_at timestamp,
        admin_id varchar(255),
        primary key (post_id)
    );
2021-09-27 22:35:34.662  INFO 28072 --- [    Test worker] p6spy                                    : #1632749734662 | took 0ms | statement | connection 3| url jdbc:h2:tcp://localhost/~/Documents/IdeaProjects/TuthreeDatabase

    create table post_faq (
       post_id bigint not null,
        alter_at timestamp,
        content varchar(255),
        secret integer,
        title varchar(255),
        type varchar(255),
        view bigint,
        write_at timestamp,
        admin_id varchar(255),
        primary key (post_id)
    )

    create table post_faq (
       post_id bigint not null,
        alter_at timestamp,
        content varchar(255),
        secret integer,
        title varchar(255),
        type varchar(255),
        view bigint,
        write_at timestamp,
        admin_id varchar(255),
        primary key (post_id)
    );
2021-09-27 22:35:34.663  INFO 28072 --- [    Test worker] p6spy                                    : #1632749734663 | took 0ms | statement | connection 3| url jdbc:h2:tcp://localhost/~/Documents/IdeaProjects/TuthreeDatabase

    create table post_find (
       post_id bigint not null,
        alter_at timestamp,
        view bigint,
        write_at timestamp,
        student_id varchar(255),
        teacher_id varchar(255),
        primary key (post_id)
    )

    create table post_find (
       post_id bigint not null,
        alter_at timestamp,
        view bigint,
        write_at timestamp,
        student_id varchar(255),
        teacher_id varchar(255),
        primary key (post_id)
    );
2021-09-27 22:35:34.664  INFO 28072 --- [    Test worker] p6spy                                    : #1632749734664 | took 0ms | statement | connection 3| url jdbc:h2:tcp://localhost/~/Documents/IdeaProjects/TuthreeDatabase

    create table post_notice (
       post_id bigint not null,
        alter_at timestamp,
        content varchar(255),
        secret integer,
        title varchar(255),
        type varchar(255),
        view bigint,
        write_at timestamp,
        admin_id varchar(255),
        primary key (post_id)
    )

    create table post_notice (
       post_id bigint not null,
        alter_at timestamp,
        content varchar(255),
        secret integer,
        title varchar(255),
        type varchar(255),
        view bigint,
        write_at timestamp,
        admin_id varchar(255),
        primary key (post_id)
    );
2021-09-27 22:35:34.665  INFO 28072 --- [    Test worker] p6spy                                    : #1632749734665 | took 0ms | statement | connection 3| url jdbc:h2:tcp://localhost/~/Documents/IdeaProjects/TuthreeDatabase

    create table post_review (
       content varchar(255),
        star integer not null,
        write_at timestamp,
        teacher_id varchar(255) not null,
        student_id varchar(255) not null,
        primary key (teacher_id, student_id)
    )

    create table post_review (
       content varchar(255),
        star integer not null,
        write_at timestamp,
        teacher_id varchar(255) not null,
        student_id varchar(255) not null,
        primary key (teacher_id, student_id)
    );
2021-09-27 22:35:34.666  INFO 28072 --- [    Test worker] p6spy                                    : #1632749734666 | took 0ms | statement | connection 3| url jdbc:h2:tcp://localhost/~/Documents/IdeaProjects/TuthreeDatabase

    create table post_study (
       post_id bigint not null,
        teacher_id varchar(255),
        student_id varchar(255),
        primary key (post_id)
    )

    create table post_study (
       post_id bigint not null,
        teacher_id varchar(255),
        student_id varchar(255),
        primary key (post_id)
    );
2021-09-27 22:35:34.666  INFO 28072 --- [    Test worker] p6spy                                    : #1632749734666 | took 0ms | statement | connection 3| url jdbc:h2:tcp://localhost/~/Documents/IdeaProjects/TuthreeDatabase

    create table post_test_paper (
       post_id varchar(255) not null,
        alter_at timestamp,
        content varchar(255),
        secret integer,
        title varchar(255),
        view bigint,
        write_at timestamp,
        teacher_id varchar(255),
        primary key (post_id)
    )

    create table post_test_paper (
       post_id varchar(255) not null,
        alter_at timestamp,
        content varchar(255),
        secret integer,
        title varchar(255),
        view bigint,
        write_at timestamp,
        teacher_id varchar(255),
        primary key (post_id)
    );
2021-09-27 22:35:34.667  INFO 28072 --- [    Test worker] p6spy                                    : #1632749734667 | took 0ms | statement | connection 3| url jdbc:h2:tcp://localhost/~/Documents/IdeaProjects/TuthreeDatabase

    create table student (
       user_id varchar(255) not null,
        birth integer not null,
        create_date timestamp,
        email varchar(255),
        grade varchar(255),
        name varchar(255),
        post varchar(255),
        user_pwd varchar(255),
        sex integer,
        tel varchar(255),
        cost integer not null,
        detail varchar(255),
        region varchar(255),
        registration integer,
        school varchar(255),
        subject varchar(255),
        parent_id varchar(255),
        primary key (user_id)
    )

    create table student (
       user_id varchar(255) not null,
        birth integer not null,
        create_date timestamp,
        email varchar(255),
        grade varchar(255),
        name varchar(255),
        post varchar(255),
        user_pwd varchar(255),
        sex integer,
        tel varchar(255),
        cost integer not null,
        detail varchar(255),
        region varchar(255),
        registration integer,
        school varchar(255),
        subject varchar(255),
        parent_id varchar(255),
        primary key (user_id)
    );
2021-09-27 22:35:34.668  INFO 28072 --- [    Test worker] p6spy                                    : #1632749734668 | took 0ms | statement | connection 3| url jdbc:h2:tcp://localhost/~/Documents/IdeaProjects/TuthreeDatabase

    create table study_room (
       room_status varchar(255),
        student_id varchar(255) not null,
        teacher_id varchar(255) not null,
        primary key (teacher_id, student_id)
    )

    create table study_room (
       room_status varchar(255),
        student_id varchar(255) not null,
        teacher_id varchar(255) not null,
        primary key (teacher_id, student_id)
    );
2021-09-27 22:35:34.668  INFO 28072 --- [    Test worker] p6spy                                    : #1632749734668 | took 0ms | statement | connection 3| url jdbc:h2:tcp://localhost/~/Documents/IdeaProjects/TuthreeDatabase

    create table study_room_info (
       check_date timestamp,
        cost integer not null,
        day varchar(255),
        detail varchar(255),
        end varchar(255),
        start varchar(255),
        status boolean not null,
        subject varchar(255),
        teacher_id varchar(255) not null,
        student_id varchar(255) not null,
        primary key (teacher_id, student_id)
    )

    create table study_room_info (
       check_date timestamp,
        cost integer not null,
        day varchar(255),
        detail varchar(255),
        end varchar(255),
        start varchar(255),
        status boolean not null,
        subject varchar(255),
        teacher_id varchar(255) not null,
        student_id varchar(255) not null,
        primary key (teacher_id, student_id)
    );
2021-09-27 22:35:34.669  INFO 28072 --- [    Test worker] p6spy                                    : #1632749734669 | took 0ms | statement | connection 3| url jdbc:h2:tcp://localhost/~/Documents/IdeaProjects/TuthreeDatabase

    create table study_test (
       d_id bigint not null,
        file_id bigint,
        room_id bigint,
        primary key (d_id)
    )

    create table study_test (
       d_id bigint not null,
        file_id bigint,
        room_id bigint,
        primary key (d_id)
    );
2021-09-27 22:35:34.670  INFO 28072 --- [    Test worker] p6spy                                    : #1632749734670 | took 0ms | statement | connection 3| url jdbc:h2:tcp://localhost/~/Documents/IdeaProjects/TuthreeDatabase

    create table teacher (
       user_id varchar(255) not null,
        birth integer not null,
        create_date timestamp,
        email varchar(255),
        grade varchar(255),
        name varchar(255),
        post varchar(255),
        user_pwd varchar(255),
        sex integer,
        tel varchar(255),
        certification varchar(255),
        certify_status boolean,
        cost integer not null,
        detail varchar(255),
        major varchar(255),
        region varchar(255),
        registration integer,
        school varchar(255),
        school_status integer,
        subject varchar(255),
        primary key (user_id)
    )

    create table teacher (
       user_id varchar(255) not null,
        birth integer not null,
        create_date timestamp,
        email varchar(255),
        grade varchar(255),
        name varchar(255),
        post varchar(255),
        user_pwd varchar(255),
        sex integer,
        tel varchar(255),
        certification varchar(255),
        certify_status boolean,
        cost integer not null,
        detail varchar(255),
        major varchar(255),
        region varchar(255),
        registration integer,
        school varchar(255),
        school_status integer,
        subject varchar(255),
        primary key (user_id)
    );
2021-09-27 22:35:34.672  INFO 28072 --- [    Test worker] p6spy                                    : #1632749734672 | took 1ms | statement | connection 3| url jdbc:h2:tcp://localhost/~/Documents/IdeaProjects/TuthreeDatabase

    alter table calendar 
       add constraint FKsltg0qdsl60q00la85o6eona3 
       foreign key (teacher_id, student_id) 
       references study_room

    alter table calendar 
       add constraint FKsltg0qdsl60q00la85o6eona3 
       foreign key (teacher_id, student_id) 
       references study_room;
2021-09-27 22:35:34.673  INFO 28072 --- [    Test worker] p6spy                                    : #1632749734673 | took 0ms | statement | connection 3| url jdbc:h2:tcp://localhost/~/Documents/IdeaProjects/TuthreeDatabase

    alter table chat 
       add constraint FKq0wpdf7d0te1ub2uiq15i2raj 
       foreign key (room_id) 
       references chat_room

    alter table chat 
       add constraint FKq0wpdf7d0te1ub2uiq15i2raj 
       foreign key (room_id) 
       references chat_room;
2021-09-27 22:35:34.674  INFO 28072 --- [    Test worker] p6spy                                    : #1632749734674 | took 0ms | statement | connection 3| url jdbc:h2:tcp://localhost/~/Documents/IdeaProjects/TuthreeDatabase

    alter table file 
       add constraint FKi3120ipt44fy4vht5s4bo74ot 
       foreign key (teacher_id, student_id) 
       references study_room

    alter table file 
       add constraint FKi3120ipt44fy4vht5s4bo74ot 
       foreign key (teacher_id, student_id) 
       references study_room;
2021-09-27 22:35:34.674  INFO 28072 --- [    Test worker] p6spy                                    : #1632749734674 | took 0ms | statement | connection 3| url jdbc:h2:tcp://localhost/~/Documents/IdeaProjects/TuthreeDatabase

    alter table file 
       add constraint FKfxvj6i5ugp8umowy8u25w1ef 
       foreign key (testpaper_id) 
       references post_test_paper

    alter table file 
       add constraint FKfxvj6i5ugp8umowy8u25w1ef 
       foreign key (testpaper_id) 
       references post_test_paper;
2021-09-27 22:35:34.675  INFO 28072 --- [    Test worker] p6spy                                    : #1632749734675 | took 0ms | statement | connection 3| url jdbc:h2:tcp://localhost/~/Documents/IdeaProjects/TuthreeDatabase

    alter table post_admin 
       add constraint FK423viw07rkrm647kc1kr2a5b 
       foreign key (admin_id) 
       references admin

    alter table post_admin 
       add constraint FK423viw07rkrm647kc1kr2a5b 
       foreign key (admin_id) 
       references admin;
2021-09-27 22:35:34.676  INFO 28072 --- [    Test worker] p6spy                                    : #1632749734676 | took 0ms | statement | connection 3| url jdbc:h2:tcp://localhost/~/Documents/IdeaProjects/TuthreeDatabase

    alter table post_faq 
       add constraint FKoydhqom7onpcxhw4s4swgcv9i 
       foreign key (admin_id) 
       references admin

    alter table post_faq 
       add constraint FKoydhqom7onpcxhw4s4swgcv9i 
       foreign key (admin_id) 
       references admin;
2021-09-27 22:35:34.676  INFO 28072 --- [    Test worker] p6spy                                    : #1632749734676 | took 0ms | statement | connection 3| url jdbc:h2:tcp://localhost/~/Documents/IdeaProjects/TuthreeDatabase

    alter table post_find 
       add constraint FKsxew8ujfwxdp20ou80qh82v2g 
       foreign key (student_id) 
       references student

    alter table post_find 
       add constraint FKsxew8ujfwxdp20ou80qh82v2g 
       foreign key (student_id) 
       references student;
2021-09-27 22:35:34.677  INFO 28072 --- [    Test worker] p6spy                                    : #1632749734677 | took 0ms | statement | connection 3| url jdbc:h2:tcp://localhost/~/Documents/IdeaProjects/TuthreeDatabase

    alter table post_find 
       add constraint FKbdstktc13fqjpsnecmpvd9py0 
       foreign key (teacher_id) 
       references teacher

    alter table post_find 
       add constraint FKbdstktc13fqjpsnecmpvd9py0 
       foreign key (teacher_id) 
       references teacher;
2021-09-27 22:35:34.678  INFO 28072 --- [    Test worker] p6spy                                    : #1632749734678 | took 0ms | statement | connection 3| url jdbc:h2:tcp://localhost/~/Documents/IdeaProjects/TuthreeDatabase

    alter table post_notice 
       add constraint FKjjhelhxyn2uh1h0bxjrk3f7ee 
       foreign key (admin_id) 
       references admin

    alter table post_notice 
       add constraint FKjjhelhxyn2uh1h0bxjrk3f7ee 
       foreign key (admin_id) 
       references admin;
2021-09-27 22:35:34.678  INFO 28072 --- [    Test worker] p6spy                                    : #1632749734678 | took 0ms | statement | connection 3| url jdbc:h2:tcp://localhost/~/Documents/IdeaProjects/TuthreeDatabase

    alter table post_review 
       add constraint FK70y5ewgflifp88qogn34yxnq5 
       foreign key (teacher_id, student_id) 
       references study_room

    alter table post_review 
       add constraint FK70y5ewgflifp88qogn34yxnq5 
       foreign key (teacher_id, student_id) 
       references study_room;
2021-09-27 22:35:34.679  INFO 28072 --- [    Test worker] p6spy                                    : #1632749734679 | took 0ms | statement | connection 3| url jdbc:h2:tcp://localhost/~/Documents/IdeaProjects/TuthreeDatabase

    alter table post_study 
       add constraint FK1yrxau1o53qry42ixaysgk85d 
       foreign key (teacher_id, student_id) 
       references study_room

    alter table post_study 
       add constraint FK1yrxau1o53qry42ixaysgk85d 
       foreign key (teacher_id, student_id) 
       references study_room;
2021-09-27 22:35:34.680  INFO 28072 --- [    Test worker] p6spy                                    : #1632749734680 | took 0ms | statement | connection 3| url jdbc:h2:tcp://localhost/~/Documents/IdeaProjects/TuthreeDatabase

    alter table post_test_paper 
       add constraint FKfxacr9o5g2k03odurrpfxhlc0 
       foreign key (teacher_id) 
       references teacher

    alter table post_test_paper 
       add constraint FKfxacr9o5g2k03odurrpfxhlc0 
       foreign key (teacher_id) 
       references teacher;
2021-09-27 22:35:34.681  INFO 28072 --- [    Test worker] p6spy                                    : #1632749734681 | took 0ms | statement | connection 3| url jdbc:h2:tcp://localhost/~/Documents/IdeaProjects/TuthreeDatabase

    alter table study_room 
       add constraint FKcf5phtuh13fvxuk34rhwpaub2 
       foreign key (student_id) 
       references student

    alter table study_room 
       add constraint FKcf5phtuh13fvxuk34rhwpaub2 
       foreign key (student_id) 
       references student;
2021-09-27 22:35:34.681  INFO 28072 --- [    Test worker] p6spy                                    : #1632749734681 | took 0ms | statement | connection 3| url jdbc:h2:tcp://localhost/~/Documents/IdeaProjects/TuthreeDatabase

    alter table study_room 
       add constraint FKrjhyap4smk3ufjq2t1bkfsr08 
       foreign key (teacher_id) 
       references teacher

    alter table study_room 
       add constraint FKrjhyap4smk3ufjq2t1bkfsr08 
       foreign key (teacher_id) 
       references teacher;
2021-09-27 22:35:34.682  INFO 28072 --- [    Test worker] p6spy                                    : #1632749734682 | took 0ms | statement | connection 3| url jdbc:h2:tcp://localhost/~/Documents/IdeaProjects/TuthreeDatabase

    alter table study_room_info 
       add constraint FKsbd19v9t7t4eqsl2b7q59pecq 
       foreign key (teacher_id, student_id) 
       references study_room

    alter table study_room_info 
       add constraint FKsbd19v9t7t4eqsl2b7q59pecq 
       foreign key (teacher_id, student_id) 
       references study_room;
2021-09-27 22:35:34.684  INFO 28072 --- [    Test worker] o.h.e.t.j.p.i.JtaPlatformInitiator       : HHH000490: Using JtaPlatform implementation: [org.hibernate.engine.transaction.jta.platform.internal.NoJtaPlatform]
2021-09-27 22:35:34.695 TRACE 28072 --- [    Test worker] o.h.type.spi.TypeConfiguration$Scope     : Handling #sessionFactoryCreated from [org.hibernate.internal.SessionFactoryImpl@3096c683] for TypeConfiguration
2021-09-27 22:35:34.697  INFO 28072 --- [    Test worker] j.LocalContainerEntityManagerFactoryBean : Initialized JPA EntityManagerFactory for persistence unit 'default'
2021-09-27 22:35:34.906  INFO 28072 --- [    Test worker] p6spy                                    : #1632749734906 | took 2ms | statement | connection 4| url jdbc:h2:tcp://localhost/~/Documents/IdeaProjects/TuthreeDatabase
call next value for postfaq_seq
call next value for postfaq_seq;
2021-09-27 22:35:34.909  INFO 28072 --- [    Test worker] p6spy                                    : #1632749734909 | took 0ms | statement | connection 4| url jdbc:h2:tcp://localhost/~/Documents/IdeaProjects/TuthreeDatabase
call next value for postfaq_seq
call next value for postfaq_seq;
2021-09-27 22:35:34.909  INFO 28072 --- [    Test worker] p6spy                                    : #1632749734909 | took 0ms | statement | connection 4| url jdbc:h2:tcp://localhost/~/Documents/IdeaProjects/TuthreeDatabase
call next value for postfaq_seq
call next value for postfaq_seq;
2021-09-27 22:35:34.910  INFO 28072 --- [    Test worker] p6spy                                    : #1632749734910 | took 0ms | statement | connection 4| url jdbc:h2:tcp://localhost/~/Documents/IdeaProjects/TuthreeDatabase
call next value for postfaq_seq
call next value for postfaq_seq;
2021-09-27 22:35:34.910  INFO 28072 --- [    Test worker] p6spy                                    : #1632749734910 | took 0ms | statement | connection 4| url jdbc:h2:tcp://localhost/~/Documents/IdeaProjects/TuthreeDatabase
call next value for postfaq_seq
call next value for postfaq_seq;
2021-09-27 22:35:34.911  INFO 28072 --- [    Test worker] p6spy                                    : #1632749734911 | took 0ms | statement | connection 4| url jdbc:h2:tcp://localhost/~/Documents/IdeaProjects/TuthreeDatabase
call next value for postfaq_seq
call next value for postfaq_seq;
2021-09-27 22:35:34.912  INFO 28072 --- [    Test worker] p6spy                                    : #1632749734912 | took 0ms | statement | connection 4| url jdbc:h2:tcp://localhost/~/Documents/IdeaProjects/TuthreeDatabase
call next value for postfaq_seq
call next value for postfaq_seq;
2021-09-27 22:35:34.912  INFO 28072 --- [    Test worker] p6spy                                    : #1632749734912 | took 0ms | statement | connection 4| url jdbc:h2:tcp://localhost/~/Documents/IdeaProjects/TuthreeDatabase
call next value for postfaq_seq
call next value for postfaq_seq;
2021-09-27 22:35:34.913  INFO 28072 --- [    Test worker] p6spy                                    : #1632749734913 | took 0ms | statement | connection 4| url jdbc:h2:tcp://localhost/~/Documents/IdeaProjects/TuthreeDatabase
call next value for postfaq_seq
call next value for postfaq_seq;
2021-09-27 22:35:34.914  INFO 28072 --- [    Test worker] p6spy                                    : #1632749734914 | took 0ms | statement | connection 4| url jdbc:h2:tcp://localhost/~/Documents/IdeaProjects/TuthreeDatabase
call next value for postfaq_seq
call next value for postfaq_seq;
2021-09-27 22:35:34.914  INFO 28072 --- [    Test worker] p6spy                                    : #1632749734914 | took 0ms | statement | connection 4| url jdbc:h2:tcp://localhost/~/Documents/IdeaProjects/TuthreeDatabase
call next value for postfaq_seq
call next value for postfaq_seq;
2021-09-27 22:35:34.915  INFO 28072 --- [    Test worker] p6spy                                    : #1632749734915 | took 0ms | statement | connection 4| url jdbc:h2:tcp://localhost/~/Documents/IdeaProjects/TuthreeDatabase
call next value for postfaq_seq
call next value for postfaq_seq;
2021-09-27 22:35:34.916  INFO 28072 --- [    Test worker] p6spy                                    : #1632749734916 | took 0ms | statement | connection 4| url jdbc:h2:tcp://localhost/~/Documents/IdeaProjects/TuthreeDatabase
call next value for postnotice_seq
call next value for postnotice_seq;
2021-09-27 22:35:34.917  INFO 28072 --- [    Test worker] p6spy                                    : #1632749734917 | took 0ms | statement | connection 4| url jdbc:h2:tcp://localhost/~/Documents/IdeaProjects/TuthreeDatabase
call next value for postnotice_seq
call next value for postnotice_seq;
2021-09-27 22:35:34.918  INFO 28072 --- [    Test worker] p6spy                                    : #1632749734918 | took 0ms | statement | connection 4| url jdbc:h2:tcp://localhost/~/Documents/IdeaProjects/TuthreeDatabase
call next value for postnotice_seq
call next value for postnotice_seq;
2021-09-27 22:35:34.919  INFO 28072 --- [    Test worker] p6spy                                    : #1632749734919 | took 0ms | statement | connection 4| url jdbc:h2:tcp://localhost/~/Documents/IdeaProjects/TuthreeDatabase
call next value for postnotice_seq
call next value for postnotice_seq;
2021-09-27 22:35:34.919  INFO 28072 --- [    Test worker] p6spy                                    : #1632749734919 | took 0ms | statement | connection 4| url jdbc:h2:tcp://localhost/~/Documents/IdeaProjects/TuthreeDatabase
call next value for postnotice_seq
call next value for postnotice_seq;
2021-09-27 22:35:34.920  INFO 28072 --- [    Test worker] p6spy                                    : #1632749734920 | took 0ms | statement | connection 4| url jdbc:h2:tcp://localhost/~/Documents/IdeaProjects/TuthreeDatabase
call next value for postnotice_seq
call next value for postnotice_seq;
2021-09-27 22:35:34.921  INFO 28072 --- [    Test worker] p6spy                                    : #1632749734921 | took 0ms | statement | connection 4| url jdbc:h2:tcp://localhost/~/Documents/IdeaProjects/TuthreeDatabase
call next value for postnotice_seq
call next value for postnotice_seq;
2021-09-27 22:35:34.921  INFO 28072 --- [    Test worker] p6spy                                    : #1632749734921 | took 0ms | statement | connection 4| url jdbc:h2:tcp://localhost/~/Documents/IdeaProjects/TuthreeDatabase
call next value for postnotice_seq
call next value for postnotice_seq;
2021-09-27 22:35:34.922  INFO 28072 --- [    Test worker] p6spy                                    : #1632749734922 | took 0ms | statement | connection 4| url jdbc:h2:tcp://localhost/~/Documents/IdeaProjects/TuthreeDatabase
call next value for postnotice_seq
call next value for postnotice_seq;
2021-09-27 22:35:34.922  INFO 28072 --- [    Test worker] p6spy                                    : #1632749734922 | took 0ms | statement | connection 4| url jdbc:h2:tcp://localhost/~/Documents/IdeaProjects/TuthreeDatabase
call next value for postnotice_seq
call next value for postnotice_seq;
2021-09-27 22:35:34.923  INFO 28072 --- [    Test worker] p6spy                                    : #1632749734923 | took 0ms | statement | connection 4| url jdbc:h2:tcp://localhost/~/Documents/IdeaProjects/TuthreeDatabase
call next value for postnotice_seq
call next value for postnotice_seq;
2021-09-27 22:35:34.924  INFO 28072 --- [    Test worker] p6spy                                    : #1632749734924 | took 0ms | statement | connection 4| url jdbc:h2:tcp://localhost/~/Documents/IdeaProjects/TuthreeDatabase
call next value for postnotice_seq
call next value for postnotice_seq;
2021-09-27 22:35:34.939 TRACE 28072 --- [    Test worker] o.h.type.descriptor.sql.BasicBinder      : binding parameter [1] as [VARCHAR] - [admin1]
2021-09-27 22:35:34.940 TRACE 28072 --- [    Test worker] o.h.type.descriptor.sql.BasicBinder      : binding parameter [2] as [VARCHAR] - [admin1]
2021-09-27 22:35:34.940  INFO 28072 --- [    Test worker] p6spy                                    : #1632749734940 | took 0ms | statement | connection 4| url jdbc:h2:tcp://localhost/~/Documents/IdeaProjects/TuthreeDatabase
insert into admin (admin_pwd, admin_id) values (?, ?)
insert into admin (admin_pwd, admin_id) values ('admin1', 'admin1');
2021-09-27 22:35:34.942 TRACE 28072 --- [    Test worker] o.h.type.descriptor.sql.BasicBinder      : binding parameter [1] as [VARCHAR] - [admin1]
2021-09-27 22:35:34.943 TRACE 28072 --- [    Test worker] o.h.type.descriptor.sql.BasicBinder      : binding parameter [2] as [TIMESTAMP] - [null]
2021-09-27 22:35:34.943 TRACE 28072 --- [    Test worker] o.h.type.descriptor.sql.BasicBinder      : binding parameter [3] as [VARCHAR] - [content1]
2021-09-27 22:35:34.944 TRACE 28072 --- [    Test worker] o.h.type.descriptor.sql.BasicBinder      : binding parameter [4] as [INTEGER] - [0]
2021-09-27 22:35:34.944 TRACE 28072 --- [    Test worker] o.h.type.descriptor.sql.BasicBinder      : binding parameter [5] as [VARCHAR] - [title1]
2021-09-27 22:35:34.944 TRACE 28072 --- [    Test worker] o.h.type.descriptor.sql.BasicBinder      : binding parameter [6] as [VARCHAR] - [act1]
2021-09-27 22:35:34.944 TRACE 28072 --- [    Test worker] o.h.type.descriptor.sql.BasicBinder      : binding parameter [7] as [BIGINT] - [0]
2021-09-27 22:35:34.948 TRACE 28072 --- [    Test worker] o.h.type.descriptor.sql.BasicBinder      : binding parameter [8] as [TIMESTAMP] - [Mon Sep 27 22:35:34 KST 2021]
2021-09-27 22:35:34.957 TRACE 28072 --- [    Test worker] o.h.type.descriptor.sql.BasicBinder      : binding parameter [9] as [BIGINT] - [1]
2021-09-27 22:35:34.958  INFO 28072 --- [    Test worker] p6spy                                    : #1632749734958 | took 0ms | statement | connection 4| url jdbc:h2:tcp://localhost/~/Documents/IdeaProjects/TuthreeDatabase
insert into post_faq (admin_id, alter_at, content, secret, title, type, view, write_at, post_id) values (?, ?, ?, ?, ?, ?, ?, ?, ?)
insert into post_faq (admin_id, alter_at, content, secret, title, type, view, write_at, post_id) values ('admin1', NULL, 'content1', 0, 'title1', 'act1', 0, '2021-09-27T22:35:34.898+0900', 1);
2021-09-27 22:35:34.959 TRACE 28072 --- [    Test worker] o.h.type.descriptor.sql.BasicBinder      : binding parameter [1] as [VARCHAR] - [admin1]
2021-09-27 22:35:34.959 TRACE 28072 --- [    Test worker] o.h.type.descriptor.sql.BasicBinder      : binding parameter [2] as [TIMESTAMP] - [null]
2021-09-27 22:35:34.959 TRACE 28072 --- [    Test worker] o.h.type.descriptor.sql.BasicBinder      : binding parameter [3] as [VARCHAR] - [content2]
2021-09-27 22:35:34.959 TRACE 28072 --- [    Test worker] o.h.type.descriptor.sql.BasicBinder      : binding parameter [4] as [INTEGER] - [0]
2021-09-27 22:35:34.959 TRACE 28072 --- [    Test worker] o.h.type.descriptor.sql.BasicBinder      : binding parameter [5] as [VARCHAR] - [title2]
2021-09-27 22:35:34.960 TRACE 28072 --- [    Test worker] o.h.type.descriptor.sql.BasicBinder      : binding parameter [6] as [VARCHAR] - [act1]
2021-09-27 22:35:34.960 TRACE 28072 --- [    Test worker] o.h.type.descriptor.sql.BasicBinder      : binding parameter [7] as [BIGINT] - [0]
2021-09-27 22:35:34.960 TRACE 28072 --- [    Test worker] o.h.type.descriptor.sql.BasicBinder      : binding parameter [8] as [TIMESTAMP] - [Mon Sep 27 22:35:34 KST 2021]
2021-09-27 22:35:34.960 TRACE 28072 --- [    Test worker] o.h.type.descriptor.sql.BasicBinder      : binding parameter [9] as [BIGINT] - [2]
2021-09-27 22:35:34.961  INFO 28072 --- [    Test worker] p6spy                                    : #1632749734961 | took 0ms | statement | connection 4| url jdbc:h2:tcp://localhost/~/Documents/IdeaProjects/TuthreeDatabase
insert into post_faq (admin_id, alter_at, content, secret, title, type, view, write_at, post_id) values (?, ?, ?, ?, ?, ?, ?, ?, ?)
insert into post_faq (admin_id, alter_at, content, secret, title, type, view, write_at, post_id) values ('admin1', NULL, 'content2', 0, 'title2', 'act1', 0, '2021-09-27T22:35:34.908+0900', 2);
2021-09-27 22:35:34.975 TRACE 28072 --- [    Test worker] o.h.type.descriptor.sql.BasicBinder      : binding parameter [1] as [VARCHAR] - [admin1]
2021-09-27 22:35:34.975 TRACE 28072 --- [    Test worker] o.h.type.descriptor.sql.BasicBinder      : binding parameter [2] as [TIMESTAMP] - [null]
2021-09-27 22:35:34.976 TRACE 28072 --- [    Test worker] o.h.type.descriptor.sql.BasicBinder      : binding parameter [3] as [VARCHAR] - [content3]
2021-09-27 22:35:34.977 TRACE 28072 --- [    Test worker] o.h.type.descriptor.sql.BasicBinder      : binding parameter [4] as [INTEGER] - [0]
2021-09-27 22:35:34.977 TRACE 28072 --- [    Test worker] o.h.type.descriptor.sql.BasicBinder      : binding parameter [5] as [VARCHAR] - [title3]
2021-09-27 22:35:34.977 TRACE 28072 --- [    Test worker] o.h.type.descriptor.sql.BasicBinder      : binding parameter [6] as [VARCHAR] - [act2]
2021-09-27 22:35:34.977 TRACE 28072 --- [    Test worker] o.h.type.descriptor.sql.BasicBinder      : binding parameter [7] as [BIGINT] - [0]
2021-09-27 22:35:34.977 TRACE 28072 --- [    Test worker] o.h.type.descriptor.sql.BasicBinder      : binding parameter [8] as [TIMESTAMP] - [Mon Sep 27 22:35:34 KST 2021]
2021-09-27 22:35:34.977 TRACE 28072 --- [    Test worker] o.h.type.descriptor.sql.BasicBinder      : binding parameter [9] as [BIGINT] - [3]
2021-09-27 22:35:34.979  INFO 28072 --- [    Test worker] p6spy                                    : #1632749734979 | took 1ms | statement | connection 4| url jdbc:h2:tcp://localhost/~/Documents/IdeaProjects/TuthreeDatabase
insert into post_faq (admin_id, alter_at, content, secret, title, type, view, write_at, post_id) values (?, ?, ?, ?, ?, ?, ?, ?, ?)
insert into post_faq (admin_id, alter_at, content, secret, title, type, view, write_at, post_id) values ('admin1', NULL, 'content3', 0, 'title3', 'act2', 0, '2021-09-27T22:35:34.909+0900', 3);
2021-09-27 22:35:34.980 TRACE 28072 --- [    Test worker] o.h.type.descriptor.sql.BasicBinder      : binding parameter [1] as [VARCHAR] - [admin1]
2021-09-27 22:35:34.981 TRACE 28072 --- [    Test worker] o.h.type.descriptor.sql.BasicBinder      : binding parameter [2] as [TIMESTAMP] - [null]
2021-09-27 22:35:34.981 TRACE 28072 --- [    Test worker] o.h.type.descriptor.sql.BasicBinder      : binding parameter [3] as [VARCHAR] - [content4]
2021-09-27 22:35:34.981 TRACE 28072 --- [    Test worker] o.h.type.descriptor.sql.BasicBinder      : binding parameter [4] as [INTEGER] - [0]
2021-09-27 22:35:34.981 TRACE 28072 --- [    Test worker] o.h.type.descriptor.sql.BasicBinder      : binding parameter [5] as [VARCHAR] - [title4]
2021-09-27 22:35:34.981 TRACE 28072 --- [    Test worker] o.h.type.descriptor.sql.BasicBinder      : binding parameter [6] as [VARCHAR] - [act3]
2021-09-27 22:35:34.981 TRACE 28072 --- [    Test worker] o.h.type.descriptor.sql.BasicBinder      : binding parameter [7] as [BIGINT] - [0]
2021-09-27 22:35:34.981 TRACE 28072 --- [    Test worker] o.h.type.descriptor.sql.BasicBinder      : binding parameter [8] as [TIMESTAMP] - [Mon Sep 27 22:35:34 KST 2021]
2021-09-27 22:35:34.981 TRACE 28072 --- [    Test worker] o.h.type.descriptor.sql.BasicBinder      : binding parameter [9] as [BIGINT] - [4]
2021-09-27 22:35:34.983  INFO 28072 --- [    Test worker] p6spy                                    : #1632749734983 | took 1ms | statement | connection 4| url jdbc:h2:tcp://localhost/~/Documents/IdeaProjects/TuthreeDatabase
insert into post_faq (admin_id, alter_at, content, secret, title, type, view, write_at, post_id) values (?, ?, ?, ?, ?, ?, ?, ?, ?)
insert into post_faq (admin_id, alter_at, content, secret, title, type, view, write_at, post_id) values ('admin1', NULL, 'content4', 0, 'title4', 'act3', 0, '2021-09-27T22:35:34.910+0900', 4);
2021-09-27 22:35:34.991 TRACE 28072 --- [    Test worker] o.h.type.descriptor.sql.BasicBinder      : binding parameter [1] as [VARCHAR] - [admin1]
2021-09-27 22:35:34.991 TRACE 28072 --- [    Test worker] o.h.type.descriptor.sql.BasicBinder      : binding parameter [2] as [TIMESTAMP] - [null]
2021-09-27 22:35:34.992 TRACE 28072 --- [    Test worker] o.h.type.descriptor.sql.BasicBinder      : binding parameter [3] as [VARCHAR] - [content5]
2021-09-27 22:35:34.992 TRACE 28072 --- [    Test worker] o.h.type.descriptor.sql.BasicBinder      : binding parameter [4] as [INTEGER] - [0]
2021-09-27 22:35:34.992 TRACE 28072 --- [    Test worker] o.h.type.descriptor.sql.BasicBinder      : binding parameter [5] as [VARCHAR] - [title5]
2021-09-27 22:35:34.992 TRACE 28072 --- [    Test worker] o.h.type.descriptor.sql.BasicBinder      : binding parameter [6] as [VARCHAR] - [act3]
2021-09-27 22:35:34.992 TRACE 28072 --- [    Test worker] o.h.type.descriptor.sql.BasicBinder      : binding parameter [7] as [BIGINT] - [0]
2021-09-27 22:35:34.992 TRACE 28072 --- [    Test worker] o.h.type.descriptor.sql.BasicBinder      : binding parameter [8] as [TIMESTAMP] - [Mon Sep 27 22:35:34 KST 2021]
2021-09-27 22:35:34.992 TRACE 28072 --- [    Test worker] o.h.type.descriptor.sql.BasicBinder      : binding parameter [9] as [BIGINT] - [5]
2021-09-27 22:35:34.994  INFO 28072 --- [    Test worker] p6spy                                    : #1632749734994 | took 1ms | statement | connection 4| url jdbc:h2:tcp://localhost/~/Documents/IdeaProjects/TuthreeDatabase
insert into post_faq (admin_id, alter_at, content, secret, title, type, view, write_at, post_id) values (?, ?, ?, ?, ?, ?, ?, ?, ?)
insert into post_faq (admin_id, alter_at, content, secret, title, type, view, write_at, post_id) values ('admin1', NULL, 'content5', 0, 'title5', 'act3', 0, '2021-09-27T22:35:34.910+0900', 5);
2021-09-27 22:35:34.995 TRACE 28072 --- [    Test worker] o.h.type.descriptor.sql.BasicBinder      : binding parameter [1] as [VARCHAR] - [admin1]
2021-09-27 22:35:34.995 TRACE 28072 --- [    Test worker] o.h.type.descriptor.sql.BasicBinder      : binding parameter [2] as [TIMESTAMP] - [null]
2021-09-27 22:35:34.995 TRACE 28072 --- [    Test worker] o.h.type.descriptor.sql.BasicBinder      : binding parameter [3] as [VARCHAR] - [content6]
2021-09-27 22:35:34.995 TRACE 28072 --- [    Test worker] o.h.type.descriptor.sql.BasicBinder      : binding parameter [4] as [INTEGER] - [0]
2021-09-27 22:35:34.995 TRACE 28072 --- [    Test worker] o.h.type.descriptor.sql.BasicBinder      : binding parameter [5] as [VARCHAR] - [title6]
2021-09-27 22:35:34.996 TRACE 28072 --- [    Test worker] o.h.type.descriptor.sql.BasicBinder      : binding parameter [6] as [VARCHAR] - [act2]
2021-09-27 22:35:34.996 TRACE 28072 --- [    Test worker] o.h.type.descriptor.sql.BasicBinder      : binding parameter [7] as [BIGINT] - [0]
2021-09-27 22:35:34.996 TRACE 28072 --- [    Test worker] o.h.type.descriptor.sql.BasicBinder      : binding parameter [8] as [TIMESTAMP] - [Mon Sep 27 22:35:34 KST 2021]
2021-09-27 22:35:34.996 TRACE 28072 --- [    Test worker] o.h.type.descriptor.sql.BasicBinder      : binding parameter [9] as [BIGINT] - [6]
2021-09-27 22:35:34.997  INFO 28072 --- [    Test worker] p6spy                                    : #1632749734997 | took 0ms | statement | connection 4| url jdbc:h2:tcp://localhost/~/Documents/IdeaProjects/TuthreeDatabase
insert into post_faq (admin_id, alter_at, content, secret, title, type, view, write_at, post_id) values (?, ?, ?, ?, ?, ?, ?, ?, ?)
insert into post_faq (admin_id, alter_at, content, secret, title, type, view, write_at, post_id) values ('admin1', NULL, 'content6', 0, 'title6', 'act2', 0, '2021-09-27T22:35:34.911+0900', 6);
2021-09-27 22:35:34.998 TRACE 28072 --- [    Test worker] o.h.type.descriptor.sql.BasicBinder      : binding parameter [1] as [VARCHAR] - [admin1]
2021-09-27 22:35:34.998 TRACE 28072 --- [    Test worker] o.h.type.descriptor.sql.BasicBinder      : binding parameter [2] as [TIMESTAMP] - [null]
2021-09-27 22:35:34.998 TRACE 28072 --- [    Test worker] o.h.type.descriptor.sql.BasicBinder      : binding parameter [3] as [VARCHAR] - [content7]
2021-09-27 22:35:34.998 TRACE 28072 --- [    Test worker] o.h.type.descriptor.sql.BasicBinder      : binding parameter [4] as [INTEGER] - [0]
2021-09-27 22:35:34.998 TRACE 28072 --- [    Test worker] o.h.type.descriptor.sql.BasicBinder      : binding parameter [5] as [VARCHAR] - [title7]
2021-09-27 22:35:34.998 TRACE 28072 --- [    Test worker] o.h.type.descriptor.sql.BasicBinder      : binding parameter [6] as [VARCHAR] - [act1]
2021-09-27 22:35:34.998 TRACE 28072 --- [    Test worker] o.h.type.descriptor.sql.BasicBinder      : binding parameter [7] as [BIGINT] - [0]
2021-09-27 22:35:34.998 TRACE 28072 --- [    Test worker] o.h.type.descriptor.sql.BasicBinder      : binding parameter [8] as [TIMESTAMP] - [Mon Sep 27 22:35:34 KST 2021]
2021-09-27 22:35:34.998 TRACE 28072 --- [    Test worker] o.h.type.descriptor.sql.BasicBinder      : binding parameter [9] as [BIGINT] - [7]
2021-09-27 22:35:34.999  INFO 28072 --- [    Test worker] p6spy                                    : #1632749734999 | took 0ms | statement | connection 4| url jdbc:h2:tcp://localhost/~/Documents/IdeaProjects/TuthreeDatabase
insert into post_faq (admin_id, alter_at, content, secret, title, type, view, write_at, post_id) values (?, ?, ?, ?, ?, ?, ?, ?, ?)
insert into post_faq (admin_id, alter_at, content, secret, title, type, view, write_at, post_id) values ('admin1', NULL, 'content7', 0, 'title7', 'act1', 0, '2021-09-27T22:35:34.911+0900', 7);
2021-09-27 22:35:35.000 TRACE 28072 --- [    Test worker] o.h.type.descriptor.sql.BasicBinder      : binding parameter [1] as [VARCHAR] - [admin1]
2021-09-27 22:35:35.000 TRACE 28072 --- [    Test worker] o.h.type.descriptor.sql.BasicBinder      : binding parameter [2] as [TIMESTAMP] - [null]
2021-09-27 22:35:35.001 TRACE 28072 --- [    Test worker] o.h.type.descriptor.sql.BasicBinder      : binding parameter [3] as [VARCHAR] - [content8]
2021-09-27 22:35:35.001 TRACE 28072 --- [    Test worker] o.h.type.descriptor.sql.BasicBinder      : binding parameter [4] as [INTEGER] - [0]
2021-09-27 22:35:35.001 TRACE 28072 --- [    Test worker] o.h.type.descriptor.sql.BasicBinder      : binding parameter [5] as [VARCHAR] - [title8]
2021-09-27 22:35:35.001 TRACE 28072 --- [    Test worker] o.h.type.descriptor.sql.BasicBinder      : binding parameter [6] as [VARCHAR] - [act2]
2021-09-27 22:35:35.001 TRACE 28072 --- [    Test worker] o.h.type.descriptor.sql.BasicBinder      : binding parameter [7] as [BIGINT] - [0]
2021-09-27 22:35:35.001 TRACE 28072 --- [    Test worker] o.h.type.descriptor.sql.BasicBinder      : binding parameter [8] as [TIMESTAMP] - [Mon Sep 27 22:35:34 KST 2021]
2021-09-27 22:35:35.001 TRACE 28072 --- [    Test worker] o.h.type.descriptor.sql.BasicBinder      : binding parameter [9] as [BIGINT] - [8]
2021-09-27 22:35:35.002  INFO 28072 --- [    Test worker] p6spy                                    : #1632749735002 | took 0ms | statement | connection 4| url jdbc:h2:tcp://localhost/~/Documents/IdeaProjects/TuthreeDatabase
insert into post_faq (admin_id, alter_at, content, secret, title, type, view, write_at, post_id) values (?, ?, ?, ?, ?, ?, ?, ?, ?)
insert into post_faq (admin_id, alter_at, content, secret, title, type, view, write_at, post_id) values ('admin1', NULL, 'content8', 0, 'title8', 'act2', 0, '2021-09-27T22:35:34.912+0900', 8);
2021-09-27 22:35:35.003 TRACE 28072 --- [    Test worker] o.h.type.descriptor.sql.BasicBinder      : binding parameter [1] as [VARCHAR] - [admin1]
2021-09-27 22:35:35.003 TRACE 28072 --- [    Test worker] o.h.type.descriptor.sql.BasicBinder      : binding parameter [2] as [TIMESTAMP] - [null]
2021-09-27 22:35:35.003 TRACE 28072 --- [    Test worker] o.h.type.descriptor.sql.BasicBinder      : binding parameter [3] as [VARCHAR] - [content9]
2021-09-27 22:35:35.003 TRACE 28072 --- [    Test worker] o.h.type.descriptor.sql.BasicBinder      : binding parameter [4] as [INTEGER] - [0]
2021-09-27 22:35:35.003 TRACE 28072 --- [    Test worker] o.h.type.descriptor.sql.BasicBinder      : binding parameter [5] as [VARCHAR] - [title9]
2021-09-27 22:35:35.003 TRACE 28072 --- [    Test worker] o.h.type.descriptor.sql.BasicBinder      : binding parameter [6] as [VARCHAR] - [act3]
2021-09-27 22:35:35.003 TRACE 28072 --- [    Test worker] o.h.type.descriptor.sql.BasicBinder      : binding parameter [7] as [BIGINT] - [0]
2021-09-27 22:35:35.003 TRACE 28072 --- [    Test worker] o.h.type.descriptor.sql.BasicBinder      : binding parameter [8] as [TIMESTAMP] - [Mon Sep 27 22:35:34 KST 2021]
2021-09-27 22:35:35.004 TRACE 28072 --- [    Test worker] o.h.type.descriptor.sql.BasicBinder      : binding parameter [9] as [BIGINT] - [9]
2021-09-27 22:35:35.004  INFO 28072 --- [    Test worker] p6spy                                    : #1632749735004 | took 0ms | statement | connection 4| url jdbc:h2:tcp://localhost/~/Documents/IdeaProjects/TuthreeDatabase
insert into post_faq (admin_id, alter_at, content, secret, title, type, view, write_at, post_id) values (?, ?, ?, ?, ?, ?, ?, ?, ?)
insert into post_faq (admin_id, alter_at, content, secret, title, type, view, write_at, post_id) values ('admin1', NULL, 'content9', 0, 'title9', 'act3', 0, '2021-09-27T22:35:34.913+0900', 9);
2021-09-27 22:35:35.005 TRACE 28072 --- [    Test worker] o.h.type.descriptor.sql.BasicBinder      : binding parameter [1] as [VARCHAR] - [admin1]
2021-09-27 22:35:35.005 TRACE 28072 --- [    Test worker] o.h.type.descriptor.sql.BasicBinder      : binding parameter [2] as [TIMESTAMP] - [null]
2021-09-27 22:35:35.005 TRACE 28072 --- [    Test worker] o.h.type.descriptor.sql.BasicBinder      : binding parameter [3] as [VARCHAR] - [content10]
2021-09-27 22:35:35.005 TRACE 28072 --- [    Test worker] o.h.type.descriptor.sql.BasicBinder      : binding parameter [4] as [INTEGER] - [0]
2021-09-27 22:35:35.005 TRACE 28072 --- [    Test worker] o.h.type.descriptor.sql.BasicBinder      : binding parameter [5] as [VARCHAR] - [title10]
2021-09-27 22:35:35.005 TRACE 28072 --- [    Test worker] o.h.type.descriptor.sql.BasicBinder      : binding parameter [6] as [VARCHAR] - [act3]
2021-09-27 22:35:35.005 TRACE 28072 --- [    Test worker] o.h.type.descriptor.sql.BasicBinder      : binding parameter [7] as [BIGINT] - [0]
2021-09-27 22:35:35.005 TRACE 28072 --- [    Test worker] o.h.type.descriptor.sql.BasicBinder      : binding parameter [8] as [TIMESTAMP] - [Mon Sep 27 22:35:34 KST 2021]
2021-09-27 22:35:35.006 TRACE 28072 --- [    Test worker] o.h.type.descriptor.sql.BasicBinder      : binding parameter [9] as [BIGINT] - [10]
2021-09-27 22:35:35.006  INFO 28072 --- [    Test worker] p6spy                                    : #1632749735006 | took 0ms | statement | connection 4| url jdbc:h2:tcp://localhost/~/Documents/IdeaProjects/TuthreeDatabase
insert into post_faq (admin_id, alter_at, content, secret, title, type, view, write_at, post_id) values (?, ?, ?, ?, ?, ?, ?, ?, ?)
insert into post_faq (admin_id, alter_at, content, secret, title, type, view, write_at, post_id) values ('admin1', NULL, 'content10', 0, 'title10', 'act3', 0, '2021-09-27T22:35:34.913+0900', 10);
2021-09-27 22:35:35.006 TRACE 28072 --- [    Test worker] o.h.type.descriptor.sql.BasicBinder      : binding parameter [1] as [VARCHAR] - [admin1]
2021-09-27 22:35:35.007 TRACE 28072 --- [    Test worker] o.h.type.descriptor.sql.BasicBinder      : binding parameter [2] as [TIMESTAMP] - [null]
2021-09-27 22:35:35.007 TRACE 28072 --- [    Test worker] o.h.type.descriptor.sql.BasicBinder      : binding parameter [3] as [VARCHAR] - [content11]
2021-09-27 22:35:35.007 TRACE 28072 --- [    Test worker] o.h.type.descriptor.sql.BasicBinder      : binding parameter [4] as [INTEGER] - [0]
2021-09-27 22:35:35.007 TRACE 28072 --- [    Test worker] o.h.type.descriptor.sql.BasicBinder      : binding parameter [5] as [VARCHAR] - [title11]
2021-09-27 22:35:35.007 TRACE 28072 --- [    Test worker] o.h.type.descriptor.sql.BasicBinder      : binding parameter [6] as [VARCHAR] - [act3]
2021-09-27 22:35:35.007 TRACE 28072 --- [    Test worker] o.h.type.descriptor.sql.BasicBinder      : binding parameter [7] as [BIGINT] - [0]
2021-09-27 22:35:35.007 TRACE 28072 --- [    Test worker] o.h.type.descriptor.sql.BasicBinder      : binding parameter [8] as [TIMESTAMP] - [Mon Sep 27 22:35:34 KST 2021]
2021-09-27 22:35:35.007 TRACE 28072 --- [    Test worker] o.h.type.descriptor.sql.BasicBinder      : binding parameter [9] as [BIGINT] - [11]
2021-09-27 22:35:35.008  INFO 28072 --- [    Test worker] p6spy                                    : #1632749735008 | took 0ms | statement | connection 4| url jdbc:h2:tcp://localhost/~/Documents/IdeaProjects/TuthreeDatabase
insert into post_faq (admin_id, alter_at, content, secret, title, type, view, write_at, post_id) values (?, ?, ?, ?, ?, ?, ?, ?, ?)
insert into post_faq (admin_id, alter_at, content, secret, title, type, view, write_at, post_id) values ('admin1', NULL, 'content11', 0, 'title11', 'act3', 0, '2021-09-27T22:35:34.914+0900', 11);
2021-09-27 22:35:35.009 TRACE 28072 --- [    Test worker] o.h.type.descriptor.sql.BasicBinder      : binding parameter [1] as [VARCHAR] - [admin1]
2021-09-27 22:35:35.009 TRACE 28072 --- [    Test worker] o.h.type.descriptor.sql.BasicBinder      : binding parameter [2] as [TIMESTAMP] - [null]
2021-09-27 22:35:35.009 TRACE 28072 --- [    Test worker] o.h.type.descriptor.sql.BasicBinder      : binding parameter [3] as [VARCHAR] - [content12]
2021-09-27 22:35:35.009 TRACE 28072 --- [    Test worker] o.h.type.descriptor.sql.BasicBinder      : binding parameter [4] as [INTEGER] - [0]
2021-09-27 22:35:35.009 TRACE 28072 --- [    Test worker] o.h.type.descriptor.sql.BasicBinder      : binding parameter [5] as [VARCHAR] - [title12]
2021-09-27 22:35:35.009 TRACE 28072 --- [    Test worker] o.h.type.descriptor.sql.BasicBinder      : binding parameter [6] as [VARCHAR] - [act1]
2021-09-27 22:35:35.009 TRACE 28072 --- [    Test worker] o.h.type.descriptor.sql.BasicBinder      : binding parameter [7] as [BIGINT] - [0]
2021-09-27 22:35:35.009 TRACE 28072 --- [    Test worker] o.h.type.descriptor.sql.BasicBinder      : binding parameter [8] as [TIMESTAMP] - [Mon Sep 27 22:35:34 KST 2021]
2021-09-27 22:35:35.009 TRACE 28072 --- [    Test worker] o.h.type.descriptor.sql.BasicBinder      : binding parameter [9] as [BIGINT] - [12]
2021-09-27 22:35:35.010  INFO 28072 --- [    Test worker] p6spy                                    : #1632749735010 | took 0ms | statement | connection 4| url jdbc:h2:tcp://localhost/~/Documents/IdeaProjects/TuthreeDatabase
insert into post_faq (admin_id, alter_at, content, secret, title, type, view, write_at, post_id) values (?, ?, ?, ?, ?, ?, ?, ?, ?)
insert into post_faq (admin_id, alter_at, content, secret, title, type, view, write_at, post_id) values ('admin1', NULL, 'content12', 0, 'title12', 'act1', 0, '2021-09-27T22:35:34.915+0900', 12);
2021-09-27 22:35:35.011 TRACE 28072 --- [    Test worker] o.h.type.descriptor.sql.BasicBinder      : binding parameter [1] as [VARCHAR] - [admin1]
2021-09-27 22:35:35.011 TRACE 28072 --- [    Test worker] o.h.type.descriptor.sql.BasicBinder      : binding parameter [2] as [TIMESTAMP] - [null]
2021-09-27 22:35:35.011 TRACE 28072 --- [    Test worker] o.h.type.descriptor.sql.BasicBinder      : binding parameter [3] as [VARCHAR] - [content1]
2021-09-27 22:35:35.011 TRACE 28072 --- [    Test worker] o.h.type.descriptor.sql.BasicBinder      : binding parameter [4] as [INTEGER] - [0]
2021-09-27 22:35:35.011 TRACE 28072 --- [    Test worker] o.h.type.descriptor.sql.BasicBinder      : binding parameter [5] as [VARCHAR] - [title1]
2021-09-27 22:35:35.011 TRACE 28072 --- [    Test worker] o.h.type.descriptor.sql.BasicBinder      : binding parameter [6] as [VARCHAR] - [act1]
2021-09-27 22:35:35.012 TRACE 28072 --- [    Test worker] o.h.type.descriptor.sql.BasicBinder      : binding parameter [7] as [BIGINT] - [0]
2021-09-27 22:35:35.012 TRACE 28072 --- [    Test worker] o.h.type.descriptor.sql.BasicBinder      : binding parameter [8] as [TIMESTAMP] - [Mon Sep 27 22:35:34 KST 2021]
2021-09-27 22:35:35.012 TRACE 28072 --- [    Test worker] o.h.type.descriptor.sql.BasicBinder      : binding parameter [9] as [BIGINT] - [1]
2021-09-27 22:35:35.012  INFO 28072 --- [    Test worker] p6spy                                    : #1632749735012 | took 0ms | statement | connection 4| url jdbc:h2:tcp://localhost/~/Documents/IdeaProjects/TuthreeDatabase
insert into post_notice (admin_id, alter_at, content, secret, title, type, view, write_at, post_id) values (?, ?, ?, ?, ?, ?, ?, ?, ?)
insert into post_notice (admin_id, alter_at, content, secret, title, type, view, write_at, post_id) values ('admin1', NULL, 'content1', 0, 'title1', 'act1', 0, '2021-09-27T22:35:34.915+0900', 1);
2021-09-27 22:35:35.013 TRACE 28072 --- [    Test worker] o.h.type.descriptor.sql.BasicBinder      : binding parameter [1] as [VARCHAR] - [admin1]
2021-09-27 22:35:35.013 TRACE 28072 --- [    Test worker] o.h.type.descriptor.sql.BasicBinder      : binding parameter [2] as [TIMESTAMP] - [null]
2021-09-27 22:35:35.013 TRACE 28072 --- [    Test worker] o.h.type.descriptor.sql.BasicBinder      : binding parameter [3] as [VARCHAR] - [content2]
2021-09-27 22:35:35.013 TRACE 28072 --- [    Test worker] o.h.type.descriptor.sql.BasicBinder      : binding parameter [4] as [INTEGER] - [0]
2021-09-27 22:35:35.013 TRACE 28072 --- [    Test worker] o.h.type.descriptor.sql.BasicBinder      : binding parameter [5] as [VARCHAR] - [title2]
2021-09-27 22:35:35.014 TRACE 28072 --- [    Test worker] o.h.type.descriptor.sql.BasicBinder      : binding parameter [6] as [VARCHAR] - [act1]
2021-09-27 22:35:35.014 TRACE 28072 --- [    Test worker] o.h.type.descriptor.sql.BasicBinder      : binding parameter [7] as [BIGINT] - [0]
2021-09-27 22:35:35.014 TRACE 28072 --- [    Test worker] o.h.type.descriptor.sql.BasicBinder      : binding parameter [8] as [TIMESTAMP] - [Mon Sep 27 22:35:34 KST 2021]
2021-09-27 22:35:35.016 TRACE 28072 --- [    Test worker] o.h.type.descriptor.sql.BasicBinder      : binding parameter [9] as [BIGINT] - [2]
2021-09-27 22:35:35.017  INFO 28072 --- [    Test worker] p6spy                                    : #1632749735017 | took 0ms | statement | connection 4| url jdbc:h2:tcp://localhost/~/Documents/IdeaProjects/TuthreeDatabase
insert into post_notice (admin_id, alter_at, content, secret, title, type, view, write_at, post_id) values (?, ?, ?, ?, ?, ?, ?, ?, ?)
insert into post_notice (admin_id, alter_at, content, secret, title, type, view, write_at, post_id) values ('admin1', NULL, 'content2', 0, 'title2', 'act1', 0, '2021-09-27T22:35:34.916+0900', 2);
2021-09-27 22:35:35.018 TRACE 28072 --- [    Test worker] o.h.type.descriptor.sql.BasicBinder      : binding parameter [1] as [VARCHAR] - [admin1]
2021-09-27 22:35:35.018 TRACE 28072 --- [    Test worker] o.h.type.descriptor.sql.BasicBinder      : binding parameter [2] as [TIMESTAMP] - [null]
2021-09-27 22:35:35.018 TRACE 28072 --- [    Test worker] o.h.type.descriptor.sql.BasicBinder      : binding parameter [3] as [VARCHAR] - [content3]
2021-09-27 22:35:35.018 TRACE 28072 --- [    Test worker] o.h.type.descriptor.sql.BasicBinder      : binding parameter [4] as [INTEGER] - [0]
2021-09-27 22:35:35.018 TRACE 28072 --- [    Test worker] o.h.type.descriptor.sql.BasicBinder      : binding parameter [5] as [VARCHAR] - [title3]
2021-09-27 22:35:35.018 TRACE 28072 --- [    Test worker] o.h.type.descriptor.sql.BasicBinder      : binding parameter [6] as [VARCHAR] - [act2]
2021-09-27 22:35:35.018 TRACE 28072 --- [    Test worker] o.h.type.descriptor.sql.BasicBinder      : binding parameter [7] as [BIGINT] - [0]
2021-09-27 22:35:35.018 TRACE 28072 --- [    Test worker] o.h.type.descriptor.sql.BasicBinder      : binding parameter [8] as [TIMESTAMP] - [Mon Sep 27 22:35:34 KST 2021]
2021-09-27 22:35:35.018 TRACE 28072 --- [    Test worker] o.h.type.descriptor.sql.BasicBinder      : binding parameter [9] as [BIGINT] - [3]
2021-09-27 22:35:35.019  INFO 28072 --- [    Test worker] p6spy                                    : #1632749735019 | took 0ms | statement | connection 4| url jdbc:h2:tcp://localhost/~/Documents/IdeaProjects/TuthreeDatabase
insert into post_notice (admin_id, alter_at, content, secret, title, type, view, write_at, post_id) values (?, ?, ?, ?, ?, ?, ?, ?, ?)
insert into post_notice (admin_id, alter_at, content, secret, title, type, view, write_at, post_id) values ('admin1', NULL, 'content3', 0, 'title3', 'act2', 0, '2021-09-27T22:35:34.917+0900', 3);
2021-09-27 22:35:35.019 TRACE 28072 --- [    Test worker] o.h.type.descriptor.sql.BasicBinder      : binding parameter [1] as [VARCHAR] - [admin1]
2021-09-27 22:35:35.020 TRACE 28072 --- [    Test worker] o.h.type.descriptor.sql.BasicBinder      : binding parameter [2] as [TIMESTAMP] - [null]
2021-09-27 22:35:35.020 TRACE 28072 --- [    Test worker] o.h.type.descriptor.sql.BasicBinder      : binding parameter [3] as [VARCHAR] - [content4]
2021-09-27 22:35:35.020 TRACE 28072 --- [    Test worker] o.h.type.descriptor.sql.BasicBinder      : binding parameter [4] as [INTEGER] - [0]
2021-09-27 22:35:35.020 TRACE 28072 --- [    Test worker] o.h.type.descriptor.sql.BasicBinder      : binding parameter [5] as [VARCHAR] - [title4]
2021-09-27 22:35:35.020 TRACE 28072 --- [    Test worker] o.h.type.descriptor.sql.BasicBinder      : binding parameter [6] as [VARCHAR] - [act3]
2021-09-27 22:35:35.020 TRACE 28072 --- [    Test worker] o.h.type.descriptor.sql.BasicBinder      : binding parameter [7] as [BIGINT] - [0]
2021-09-27 22:35:35.020 TRACE 28072 --- [    Test worker] o.h.type.descriptor.sql.BasicBinder      : binding parameter [8] as [TIMESTAMP] - [Mon Sep 27 22:35:34 KST 2021]
2021-09-27 22:35:35.020 TRACE 28072 --- [    Test worker] o.h.type.descriptor.sql.BasicBinder      : binding parameter [9] as [BIGINT] - [4]
2021-09-27 22:35:35.021  INFO 28072 --- [    Test worker] p6spy                                    : #1632749735021 | took 0ms | statement | connection 4| url jdbc:h2:tcp://localhost/~/Documents/IdeaProjects/TuthreeDatabase
insert into post_notice (admin_id, alter_at, content, secret, title, type, view, write_at, post_id) values (?, ?, ?, ?, ?, ?, ?, ?, ?)
insert into post_notice (admin_id, alter_at, content, secret, title, type, view, write_at, post_id) values ('admin1', NULL, 'content4', 0, 'title4', 'act3', 0, '2021-09-27T22:35:34.918+0900', 4);
2021-09-27 22:35:35.021 TRACE 28072 --- [    Test worker] o.h.type.descriptor.sql.BasicBinder      : binding parameter [1] as [VARCHAR] - [admin1]
2021-09-27 22:35:35.021 TRACE 28072 --- [    Test worker] o.h.type.descriptor.sql.BasicBinder      : binding parameter [2] as [TIMESTAMP] - [null]
2021-09-27 22:35:35.021 TRACE 28072 --- [    Test worker] o.h.type.descriptor.sql.BasicBinder      : binding parameter [3] as [VARCHAR] - [content5]
2021-09-27 22:35:35.021 TRACE 28072 --- [    Test worker] o.h.type.descriptor.sql.BasicBinder      : binding parameter [4] as [INTEGER] - [0]
2021-09-27 22:35:35.021 TRACE 28072 --- [    Test worker] o.h.type.descriptor.sql.BasicBinder      : binding parameter [5] as [VARCHAR] - [title5]
2021-09-27 22:35:35.021 TRACE 28072 --- [    Test worker] o.h.type.descriptor.sql.BasicBinder      : binding parameter [6] as [VARCHAR] - [act1]
2021-09-27 22:35:35.022 TRACE 28072 --- [    Test worker] o.h.type.descriptor.sql.BasicBinder      : binding parameter [7] as [BIGINT] - [0]
2021-09-27 22:35:35.022 TRACE 28072 --- [    Test worker] o.h.type.descriptor.sql.BasicBinder      : binding parameter [8] as [TIMESTAMP] - [Mon Sep 27 22:35:34 KST 2021]
2021-09-27 22:35:35.022 TRACE 28072 --- [    Test worker] o.h.type.descriptor.sql.BasicBinder      : binding parameter [9] as [BIGINT] - [5]
2021-09-27 22:35:35.022  INFO 28072 --- [    Test worker] p6spy                                    : #1632749735022 | took 0ms | statement | connection 4| url jdbc:h2:tcp://localhost/~/Documents/IdeaProjects/TuthreeDatabase
insert into post_notice (admin_id, alter_at, content, secret, title, type, view, write_at, post_id) values (?, ?, ?, ?, ?, ?, ?, ?, ?)
insert into post_notice (admin_id, alter_at, content, secret, title, type, view, write_at, post_id) values ('admin1', NULL, 'content5', 0, 'title5', 'act1', 0, '2021-09-27T22:35:34.919+0900', 5);
2021-09-27 22:35:35.023 TRACE 28072 --- [    Test worker] o.h.type.descriptor.sql.BasicBinder      : binding parameter [1] as [VARCHAR] - [admin1]
2021-09-27 22:35:35.023 TRACE 28072 --- [    Test worker] o.h.type.descriptor.sql.BasicBinder      : binding parameter [2] as [TIMESTAMP] - [null]
2021-09-27 22:35:35.023 TRACE 28072 --- [    Test worker] o.h.type.descriptor.sql.BasicBinder      : binding parameter [3] as [VARCHAR] - [content6]
2021-09-27 22:35:35.023 TRACE 28072 --- [    Test worker] o.h.type.descriptor.sql.BasicBinder      : binding parameter [4] as [INTEGER] - [0]
2021-09-27 22:35:35.023 TRACE 28072 --- [    Test worker] o.h.type.descriptor.sql.BasicBinder      : binding parameter [5] as [VARCHAR] - [title6]
2021-09-27 22:35:35.023 TRACE 28072 --- [    Test worker] o.h.type.descriptor.sql.BasicBinder      : binding parameter [6] as [VARCHAR] - [act2]
2021-09-27 22:35:35.023 TRACE 28072 --- [    Test worker] o.h.type.descriptor.sql.BasicBinder      : binding parameter [7] as [BIGINT] - [0]
2021-09-27 22:35:35.023 TRACE 28072 --- [    Test worker] o.h.type.descriptor.sql.BasicBinder      : binding parameter [8] as [TIMESTAMP] - [Mon Sep 27 22:35:34 KST 2021]
2021-09-27 22:35:35.023 TRACE 28072 --- [    Test worker] o.h.type.descriptor.sql.BasicBinder      : binding parameter [9] as [BIGINT] - [6]
2021-09-27 22:35:35.023  INFO 28072 --- [    Test worker] p6spy                                    : #1632749735023 | took 0ms | statement | connection 4| url jdbc:h2:tcp://localhost/~/Documents/IdeaProjects/TuthreeDatabase
insert into post_notice (admin_id, alter_at, content, secret, title, type, view, write_at, post_id) values (?, ?, ?, ?, ?, ?, ?, ?, ?)
insert into post_notice (admin_id, alter_at, content, secret, title, type, view, write_at, post_id) values ('admin1', NULL, 'content6', 0, 'title6', 'act2', 0, '2021-09-27T22:35:34.920+0900', 6);
2021-09-27 22:35:35.024 TRACE 28072 --- [    Test worker] o.h.type.descriptor.sql.BasicBinder      : binding parameter [1] as [VARCHAR] - [admin1]
2021-09-27 22:35:35.024 TRACE 28072 --- [    Test worker] o.h.type.descriptor.sql.BasicBinder      : binding parameter [2] as [TIMESTAMP] - [null]
2021-09-27 22:35:35.024 TRACE 28072 --- [    Test worker] o.h.type.descriptor.sql.BasicBinder      : binding parameter [3] as [VARCHAR] - [content7]
2021-09-27 22:35:35.024 TRACE 28072 --- [    Test worker] o.h.type.descriptor.sql.BasicBinder      : binding parameter [4] as [INTEGER] - [0]
2021-09-27 22:35:35.024 TRACE 28072 --- [    Test worker] o.h.type.descriptor.sql.BasicBinder      : binding parameter [5] as [VARCHAR] - [title7]
2021-09-27 22:35:35.024 TRACE 28072 --- [    Test worker] o.h.type.descriptor.sql.BasicBinder      : binding parameter [6] as [VARCHAR] - [act3]
2021-09-27 22:35:35.024 TRACE 28072 --- [    Test worker] o.h.type.descriptor.sql.BasicBinder      : binding parameter [7] as [BIGINT] - [0]
2021-09-27 22:35:35.024 TRACE 28072 --- [    Test worker] o.h.type.descriptor.sql.BasicBinder      : binding parameter [8] as [TIMESTAMP] - [Mon Sep 27 22:35:34 KST 2021]
2021-09-27 22:35:35.025 TRACE 28072 --- [    Test worker] o.h.type.descriptor.sql.BasicBinder      : binding parameter [9] as [BIGINT] - [7]
2021-09-27 22:35:35.025  INFO 28072 --- [    Test worker] p6spy                                    : #1632749735025 | took 0ms | statement | connection 4| url jdbc:h2:tcp://localhost/~/Documents/IdeaProjects/TuthreeDatabase
insert into post_notice (admin_id, alter_at, content, secret, title, type, view, write_at, post_id) values (?, ?, ?, ?, ?, ?, ?, ?, ?)
insert into post_notice (admin_id, alter_at, content, secret, title, type, view, write_at, post_id) values ('admin1', NULL, 'content7', 0, 'title7', 'act3', 0, '2021-09-27T22:35:34.920+0900', 7);
2021-09-27 22:35:35.025 TRACE 28072 --- [    Test worker] o.h.type.descriptor.sql.BasicBinder      : binding parameter [1] as [VARCHAR] - [admin1]
2021-09-27 22:35:35.026 TRACE 28072 --- [    Test worker] o.h.type.descriptor.sql.BasicBinder      : binding parameter [2] as [TIMESTAMP] - [null]
2021-09-27 22:35:35.026 TRACE 28072 --- [    Test worker] o.h.type.descriptor.sql.BasicBinder      : binding parameter [3] as [VARCHAR] - [content8]
2021-09-27 22:35:35.026 TRACE 28072 --- [    Test worker] o.h.type.descriptor.sql.BasicBinder      : binding parameter [4] as [INTEGER] - [0]
2021-09-27 22:35:35.026 TRACE 28072 --- [    Test worker] o.h.type.descriptor.sql.BasicBinder      : binding parameter [5] as [VARCHAR] - [title8]
2021-09-27 22:35:35.026 TRACE 28072 --- [    Test worker] o.h.type.descriptor.sql.BasicBinder      : binding parameter [6] as [VARCHAR] - [act1]
2021-09-27 22:35:35.026 TRACE 28072 --- [    Test worker] o.h.type.descriptor.sql.BasicBinder      : binding parameter [7] as [BIGINT] - [0]
2021-09-27 22:35:35.026 TRACE 28072 --- [    Test worker] o.h.type.descriptor.sql.BasicBinder      : binding parameter [8] as [TIMESTAMP] - [Mon Sep 27 22:35:34 KST 2021]
2021-09-27 22:35:35.026 TRACE 28072 --- [    Test worker] o.h.type.descriptor.sql.BasicBinder      : binding parameter [9] as [BIGINT] - [8]
2021-09-27 22:35:35.026  INFO 28072 --- [    Test worker] p6spy                                    : #1632749735026 | took 0ms | statement | connection 4| url jdbc:h2:tcp://localhost/~/Documents/IdeaProjects/TuthreeDatabase
insert into post_notice (admin_id, alter_at, content, secret, title, type, view, write_at, post_id) values (?, ?, ?, ?, ?, ?, ?, ?, ?)
insert into post_notice (admin_id, alter_at, content, secret, title, type, view, write_at, post_id) values ('admin1', NULL, 'content8', 0, 'title8', 'act1', 0, '2021-09-27T22:35:34.921+0900', 8);
2021-09-27 22:35:35.027 TRACE 28072 --- [    Test worker] o.h.type.descriptor.sql.BasicBinder      : binding parameter [1] as [VARCHAR] - [admin1]
2021-09-27 22:35:35.027 TRACE 28072 --- [    Test worker] o.h.type.descriptor.sql.BasicBinder      : binding parameter [2] as [TIMESTAMP] - [null]
2021-09-27 22:35:35.027 TRACE 28072 --- [    Test worker] o.h.type.descriptor.sql.BasicBinder      : binding parameter [3] as [VARCHAR] - [content9]
2021-09-27 22:35:35.027 TRACE 28072 --- [    Test worker] o.h.type.descriptor.sql.BasicBinder      : binding parameter [4] as [INTEGER] - [0]
2021-09-27 22:35:35.027 TRACE 28072 --- [    Test worker] o.h.type.descriptor.sql.BasicBinder      : binding parameter [5] as [VARCHAR] - [title9]
2021-09-27 22:35:35.027 TRACE 28072 --- [    Test worker] o.h.type.descriptor.sql.BasicBinder      : binding parameter [6] as [VARCHAR] - [act2]
2021-09-27 22:35:35.027 TRACE 28072 --- [    Test worker] o.h.type.descriptor.sql.BasicBinder      : binding parameter [7] as [BIGINT] - [0]
2021-09-27 22:35:35.027 TRACE 28072 --- [    Test worker] o.h.type.descriptor.sql.BasicBinder      : binding parameter [8] as [TIMESTAMP] - [Mon Sep 27 22:35:34 KST 2021]
2021-09-27 22:35:35.027 TRACE 28072 --- [    Test worker] o.h.type.descriptor.sql.BasicBinder      : binding parameter [9] as [BIGINT] - [9]
2021-09-27 22:35:35.032  INFO 28072 --- [    Test worker] p6spy                                    : #1632749735032 | took 3ms | statement | connection 4| url jdbc:h2:tcp://localhost/~/Documents/IdeaProjects/TuthreeDatabase
insert into post_notice (admin_id, alter_at, content, secret, title, type, view, write_at, post_id) values (?, ?, ?, ?, ?, ?, ?, ?, ?)
insert into post_notice (admin_id, alter_at, content, secret, title, type, view, write_at, post_id) values ('admin1', NULL, 'content9', 0, 'title9', 'act2', 0, '2021-09-27T22:35:34.921+0900', 9);
2021-09-27 22:35:35.032 TRACE 28072 --- [    Test worker] o.h.type.descriptor.sql.BasicBinder      : binding parameter [1] as [VARCHAR] - [admin1]
2021-09-27 22:35:35.032 TRACE 28072 --- [    Test worker] o.h.type.descriptor.sql.BasicBinder      : binding parameter [2] as [TIMESTAMP] - [null]
2021-09-27 22:35:35.032 TRACE 28072 --- [    Test worker] o.h.type.descriptor.sql.BasicBinder      : binding parameter [3] as [VARCHAR] - [content10]
2021-09-27 22:35:35.032 TRACE 28072 --- [    Test worker] o.h.type.descriptor.sql.BasicBinder      : binding parameter [4] as [INTEGER] - [0]
2021-09-27 22:35:35.033 TRACE 28072 --- [    Test worker] o.h.type.descriptor.sql.BasicBinder      : binding parameter [5] as [VARCHAR] - [title10]
2021-09-27 22:35:35.033 TRACE 28072 --- [    Test worker] o.h.type.descriptor.sql.BasicBinder      : binding parameter [6] as [VARCHAR] - [act3]
2021-09-27 22:35:35.033 TRACE 28072 --- [    Test worker] o.h.type.descriptor.sql.BasicBinder      : binding parameter [7] as [BIGINT] - [0]
2021-09-27 22:35:35.033 TRACE 28072 --- [    Test worker] o.h.type.descriptor.sql.BasicBinder      : binding parameter [8] as [TIMESTAMP] - [Mon Sep 27 22:35:34 KST 2021]
2021-09-27 22:35:35.033 TRACE 28072 --- [    Test worker] o.h.type.descriptor.sql.BasicBinder      : binding parameter [9] as [BIGINT] - [10]
2021-09-27 22:35:35.033  INFO 28072 --- [    Test worker] p6spy                                    : #1632749735033 | took 0ms | statement | connection 4| url jdbc:h2:tcp://localhost/~/Documents/IdeaProjects/TuthreeDatabase
insert into post_notice (admin_id, alter_at, content, secret, title, type, view, write_at, post_id) values (?, ?, ?, ?, ?, ?, ?, ?, ?)
insert into post_notice (admin_id, alter_at, content, secret, title, type, view, write_at, post_id) values ('admin1', NULL, 'content10', 0, 'title10', 'act3', 0, '2021-09-27T22:35:34.922+0900', 10);
2021-09-27 22:35:35.034 TRACE 28072 --- [    Test worker] o.h.type.descriptor.sql.BasicBinder      : binding parameter [1] as [VARCHAR] - [admin1]
2021-09-27 22:35:35.034 TRACE 28072 --- [    Test worker] o.h.type.descriptor.sql.BasicBinder      : binding parameter [2] as [TIMESTAMP] - [null]
2021-09-27 22:35:35.034 TRACE 28072 --- [    Test worker] o.h.type.descriptor.sql.BasicBinder      : binding parameter [3] as [VARCHAR] - [content11]
2021-09-27 22:35:35.034 TRACE 28072 --- [    Test worker] o.h.type.descriptor.sql.BasicBinder      : binding parameter [4] as [INTEGER] - [0]
2021-09-27 22:35:35.034 TRACE 28072 --- [    Test worker] o.h.type.descriptor.sql.BasicBinder      : binding parameter [5] as [VARCHAR] - [title11]
2021-09-27 22:35:35.034 TRACE 28072 --- [    Test worker] o.h.type.descriptor.sql.BasicBinder      : binding parameter [6] as [VARCHAR] - [act3]
2021-09-27 22:35:35.034 TRACE 28072 --- [    Test worker] o.h.type.descriptor.sql.BasicBinder      : binding parameter [7] as [BIGINT] - [0]
2021-09-27 22:35:35.035 TRACE 28072 --- [    Test worker] o.h.type.descriptor.sql.BasicBinder      : binding parameter [8] as [TIMESTAMP] - [Mon Sep 27 22:35:34 KST 2021]
2021-09-27 22:35:35.035 TRACE 28072 --- [    Test worker] o.h.type.descriptor.sql.BasicBinder      : binding parameter [9] as [BIGINT] - [11]
2021-09-27 22:35:35.035  INFO 28072 --- [    Test worker] p6spy                                    : #1632749735035 | took 0ms | statement | connection 4| url jdbc:h2:tcp://localhost/~/Documents/IdeaProjects/TuthreeDatabase
insert into post_notice (admin_id, alter_at, content, secret, title, type, view, write_at, post_id) values (?, ?, ?, ?, ?, ?, ?, ?, ?)
insert into post_notice (admin_id, alter_at, content, secret, title, type, view, write_at, post_id) values ('admin1', NULL, 'content11', 0, 'title11', 'act3', 0, '2021-09-27T22:35:34.923+0900', 11);
2021-09-27 22:35:35.036 TRACE 28072 --- [    Test worker] o.h.type.descriptor.sql.BasicBinder      : binding parameter [1] as [VARCHAR] - [admin1]
2021-09-27 22:35:35.036 TRACE 28072 --- [    Test worker] o.h.type.descriptor.sql.BasicBinder      : binding parameter [2] as [TIMESTAMP] - [null]
2021-09-27 22:35:35.036 TRACE 28072 --- [    Test worker] o.h.type.descriptor.sql.BasicBinder      : binding parameter [3] as [VARCHAR] - [content12]
2021-09-27 22:35:35.036 TRACE 28072 --- [    Test worker] o.h.type.descriptor.sql.BasicBinder      : binding parameter [4] as [INTEGER] - [0]
2021-09-27 22:35:35.036 TRACE 28072 --- [    Test worker] o.h.type.descriptor.sql.BasicBinder      : binding parameter [5] as [VARCHAR] - [title12]
2021-09-27 22:35:35.036 TRACE 28072 --- [    Test worker] o.h.type.descriptor.sql.BasicBinder      : binding parameter [6] as [VARCHAR] - [act1]
2021-09-27 22:35:35.036 TRACE 28072 --- [    Test worker] o.h.type.descriptor.sql.BasicBinder      : binding parameter [7] as [BIGINT] - [0]
2021-09-27 22:35:35.036 TRACE 28072 --- [    Test worker] o.h.type.descriptor.sql.BasicBinder      : binding parameter [8] as [TIMESTAMP] - [Mon Sep 27 22:35:34 KST 2021]
2021-09-27 22:35:35.036 TRACE 28072 --- [    Test worker] o.h.type.descriptor.sql.BasicBinder      : binding parameter [9] as [BIGINT] - [12]
2021-09-27 22:35:35.037  INFO 28072 --- [    Test worker] p6spy                                    : #1632749735037 | took 0ms | statement | connection 4| url jdbc:h2:tcp://localhost/~/Documents/IdeaProjects/TuthreeDatabase
insert into post_notice (admin_id, alter_at, content, secret, title, type, view, write_at, post_id) values (?, ?, ?, ?, ?, ?, ?, ?, ?)
insert into post_notice (admin_id, alter_at, content, secret, title, type, view, write_at, post_id) values ('admin1', NULL, 'content12', 0, 'title12', 'act1', 0, '2021-09-27T22:35:34.923+0900', 12);
2021-09-27 22:35:35.039  INFO 28072 --- [    Test worker] p6spy                                    : #1632749735039 | took 0ms | commit | connection 4| url jdbc:h2:tcp://localhost/~/Documents/IdeaProjects/TuthreeDatabase

;
2021-09-27 22:35:35.375  WARN 28072 --- [    Test worker] JpaBaseConfiguration$JpaWebConfiguration : spring.jpa.open-in-view is enabled by default. Therefore, database queries may be performed during view rendering. Explicitly configure spring.jpa.open-in-view to disable this warning
2021-09-27 22:35:35.928  INFO 28072 --- [    Test worker] p.tuthree.service.PostNoticeServiceTest  : Started PostNoticeServiceTest in 3.916 seconds (JVM running for 4.703)
2021-09-27 22:35:35.955  INFO 28072 --- [    Test worker] o.s.t.c.transaction.TransactionContext   : Began transaction (1) for test context [DefaultTestContext@70b1afc0 testClass = PostNoticeServiceTest, testInstance = project.tuthree.service.PostNoticeServiceTest@32d7e449, testMethod = 공지사항삭제@PostNoticeServiceTest, testException = [null], mergedContextConfiguration = [WebMergedContextConfiguration@1e60cdd5 testClass = PostNoticeServiceTest, locations = '{}', classes = '{class project.tuthree.TuthreeApplication}', contextInitializerClasses = '[]', activeProfiles = '{}', propertySourceLocations = '{}', propertySourceProperties = '{org.springframework.boot.test.context.SpringBootTestContextBootstrapper=true}', contextCustomizers = set[org.springframework.boot.test.autoconfigure.actuate.metrics.MetricsExportContextCustomizerFactory$DisableMetricExportContextCustomizer@2625f72e, org.springframework.boot.test.autoconfigure.properties.PropertyMappingContextCustomizer@0, org.springframework.boot.test.autoconfigure.web.servlet.WebDriverContextCustomizerFactory$Customizer@30710b76, org.springframework.boot.test.context.filter.ExcludeFilterContextCustomizer@3d75c0e2, org.springframework.boot.test.json.DuplicateJsonObjectContextCustomizerFactory$DuplicateJsonObjectContextCustomizer@6d3cbc41, org.springframework.boot.test.mock.mockito.MockitoContextCustomizer@0, org.springframework.boot.test.web.client.TestRestTemplateContextCustomizer@675a4289, org.springframework.boot.test.context.SpringBootTestArgs@1, org.springframework.boot.test.context.SpringBootTestWebEnvironment@25f6edae], resourceBasePath = 'src/main/webapp', contextLoader = 'org.springframework.boot.test.context.SpringBootContextLoader', parent = [null]], attributes = map['org.springframework.test.context.web.ServletTestExecutionListener.activateListener' -> true, 'org.springframework.test.context.web.ServletTestExecutionListener.populatedRequestContextHolder' -> true, 'org.springframework.test.context.web.ServletTestExecutionListener.resetRequestContextHolder' -> true, 'org.springframework.test.context.event.ApplicationEventsTestExecutionListener.recordApplicationEvents' -> false]]; transaction manager [org.springframework.orm.jpa.JpaTransactionManager@2c8852df]; rollback [false]
2021-09-27 22:35:36.028 TRACE 28072 --- [    Test worker] o.h.type.descriptor.sql.BasicBinder      : binding parameter [1] as [BIGINT] - [4]
2021-09-27 22:35:36.029  INFO 28072 --- [    Test worker] p6spy                                    : #1632749736029 | took 0ms | statement | connection 5| url jdbc:h2:tcp://localhost/~/Documents/IdeaProjects/TuthreeDatabase
select postnotice0_.post_id as post_id1_11_0_, postnotice0_.admin_id as admin_id9_11_0_, postnotice0_.alter_at as alter_at2_11_0_, postnotice0_.content as content3_11_0_, postnotice0_.secret as secret4_11_0_, postnotice0_.title as title5_11_0_, postnotice0_.type as type6_11_0_, postnotice0_.view as view7_11_0_, postnotice0_.write_at as write_at8_11_0_, admin1_.admin_id as admin_id1_0_1_, admin1_.admin_pwd as admin_pw2_0_1_ from post_notice postnotice0_ left outer join admin admin1_ on postnotice0_.admin_id=admin1_.admin_id where postnotice0_.post_id=?
select postnotice0_.post_id as post_id1_11_0_, postnotice0_.admin_id as admin_id9_11_0_, postnotice0_.alter_at as alter_at2_11_0_, postnotice0_.content as content3_11_0_, postnotice0_.secret as secret4_11_0_, postnotice0_.title as title5_11_0_, postnotice0_.type as type6_11_0_, postnotice0_.view as view7_11_0_, postnotice0_.write_at as write_at8_11_0_, admin1_.admin_id as admin_id1_0_1_, admin1_.admin_pwd as admin_pw2_0_1_ from post_notice postnotice0_ left outer join admin admin1_ on postnotice0_.admin_id=admin1_.admin_id where postnotice0_.post_id=4;
2021-09-27 22:35:36.031 TRACE 28072 --- [    Test worker] o.h.type.descriptor.sql.BasicExtractor   : extracted value ([admin_id1_0_1_] : [VARCHAR]) - [admin1]
2021-09-27 22:35:36.033 TRACE 28072 --- [    Test worker] o.h.type.descriptor.sql.BasicExtractor   : extracted value ([admin_id9_11_0_] : [VARCHAR]) - [admin1]
2021-09-27 22:35:36.034 TRACE 28072 --- [    Test worker] o.h.type.descriptor.sql.BasicExtractor   : extracted value ([alter_at2_11_0_] : [TIMESTAMP]) - [null]
2021-09-27 22:35:36.034 TRACE 28072 --- [    Test worker] o.h.type.descriptor.sql.BasicExtractor   : extracted value ([content3_11_0_] : [VARCHAR]) - [content4]
2021-09-27 22:35:36.034 TRACE 28072 --- [    Test worker] o.h.type.descriptor.sql.BasicExtractor   : extracted value ([secret4_11_0_] : [INTEGER]) - [OPEN]
2021-09-27 22:35:36.034 TRACE 28072 --- [    Test worker] o.h.type.descriptor.sql.BasicExtractor   : extracted value ([title5_11_0_] : [VARCHAR]) - [title4]
2021-09-27 22:35:36.034 TRACE 28072 --- [    Test worker] o.h.type.descriptor.sql.BasicExtractor   : extracted value ([type6_11_0_] : [VARCHAR]) - [act3]
2021-09-27 22:35:36.035 TRACE 28072 --- [    Test worker] o.h.type.descriptor.sql.BasicExtractor   : extracted value ([view7_11_0_] : [BIGINT]) - [0]
2021-09-27 22:35:36.035 TRACE 28072 --- [    Test worker] o.h.type.descriptor.sql.BasicExtractor   : extracted value ([write_at8_11_0_] : [TIMESTAMP]) - [2021-09-27 22:35:34.918]
2021-09-27 22:35:36.036 TRACE 28072 --- [    Test worker] o.h.type.descriptor.sql.BasicExtractor   : extracted value ([admin_pw2_0_1_] : [VARCHAR]) - [admin1]
2021-09-27 22:35:36.050 TRACE 28072 --- [    Test worker] o.h.type.descriptor.sql.BasicBinder      : binding parameter [1] as [BIGINT] - [4]
2021-09-27 22:35:36.051  INFO 28072 --- [    Test worker] p6spy                                    : #1632749736051 | took 0ms | statement | connection 5| url jdbc:h2:tcp://localhost/~/Documents/IdeaProjects/TuthreeDatabase
delete from post_notice where post_id=?
delete from post_notice where post_id=4;
2021-09-27 22:35:36.052  INFO 28072 --- [    Test worker] p6spy                                    : #1632749736052 | took 0ms | commit | connection 5| url jdbc:h2:tcp://localhost/~/Documents/IdeaProjects/TuthreeDatabase

;
2021-09-27 22:35:36.053  INFO 28072 --- [    Test worker] o.s.t.c.transaction.TransactionContext   : Committed transaction for test: [DefaultTestContext@70b1afc0 testClass = PostNoticeServiceTest, testInstance = project.tuthree.service.PostNoticeServiceTest@32d7e449, testMethod = 공지사항삭제@PostNoticeServiceTest, testException = [null], mergedContextConfiguration = [WebMergedContextConfiguration@1e60cdd5 testClass = PostNoticeServiceTest, locations = '{}', classes = '{class project.tuthree.TuthreeApplication}', contextInitializerClasses = '[]', activeProfiles = '{}', propertySourceLocations = '{}', propertySourceProperties = '{org.springframework.boot.test.context.SpringBootTestContextBootstrapper=true}', contextCustomizers = set[org.springframework.boot.test.autoconfigure.actuate.metrics.MetricsExportContextCustomizerFactory$DisableMetricExportContextCustomizer@2625f72e, org.springframework.boot.test.autoconfigure.properties.PropertyMappingContextCustomizer@0, org.springframework.boot.test.autoconfigure.web.servlet.WebDriverContextCustomizerFactory$Customizer@30710b76, org.springframework.boot.test.context.filter.ExcludeFilterContextCustomizer@3d75c0e2, org.springframework.boot.test.json.DuplicateJsonObjectContextCustomizerFactory$DuplicateJsonObjectContextCustomizer@6d3cbc41, org.springframework.boot.test.mock.mockito.MockitoContextCustomizer@0, org.springframework.boot.test.web.client.TestRestTemplateContextCustomizer@675a4289, org.springframework.boot.test.context.SpringBootTestArgs@1, org.springframework.boot.test.context.SpringBootTestWebEnvironment@25f6edae], resourceBasePath = 'src/main/webapp', contextLoader = 'org.springframework.boot.test.context.SpringBootContextLoader', parent = [null]], attributes = map['org.springframework.test.context.web.ServletTestExecutionListener.activateListener' -> true, 'org.springframework.test.context.web.ServletTestExecutionListener.populatedRequestContextHolder' -> true, 'org.springframework.test.context.web.ServletTestExecutionListener.resetRequestContextHolder' -> true, 'org.springframework.test.context.event.ApplicationEventsTestExecutionListener.recordApplicationEvents' -> false]]
]]></system-out>
  <system-err><![CDATA[]]></system-err>
</testsuite>
